
> effusion_labs_final@1.0.0 test
> node tools/test-changed.mjs tests/gateway.test.mjs

Running tests (CLI):
/workspace/effusion-labs/tests/gateway.test.mjs
TAP version 13
# node:internal/errors:983
#   const err = new Error(message);
#               ^
# Error: Command failed: python -m pip install -r /workspace/effusion-labs/apps/markdown-gateway/requirements.txt
#     at genericNodeError (node:internal/errors:983:15)
#     at wrappedFn (node:internal/errors:537:14)
#     at checkExecSyncError (node:child_process:915:11)
#     at execSync (node:child_process:987:15)
#     at file:///workspace/effusion-labs/tests/gateway.test.mjs:9:3
#     at ModuleJob.run (node:internal/modules/esm/module_job:343:25)
#     at async onImport.tracePromise.__proto__ (node:internal/modules/esm/loader:647:26)
#     at async asyncRunEntryPointWithESMLoader (node:internal/modules/run_main:117:5) {
#   status: 1,
#   signal: null,
#   output: [ null, null, null ],
#   pid: 5721,
#   stdout: null,
#   stderr: null
# }
# Node.js v22.18.0
# Subtest: /workspace/effusion-labs/tests/gateway.test.mjs
not ok 1 - /workspace/effusion-labs/tests/gateway.test.mjs
  ---
  duration_ms: 1396.682913
  type: 'test'
  location: '/workspace/effusion-labs/tests/gateway.test.mjs:1:1'
  failureType: 'testCodeFailure'
  exitCode: 1
  signal: ~
  error: 'test failed'
  code: 'ERR_TEST_FAILURE'
  ...
1..1
# tests 1
# suites 0
# pass 0
# fail 1
# cancelled 0
# skipped 0
# todo 0
# duration_ms 1407.448805
