TAP version 13
# npm warn Unknown env config "http-proxy". This will stop working in the next major version of npm.
# 🚀 Eleventy build starting with enhanced footnote system...
# ✅ Eleventy build completed. Generated 107 files.
# [@photogabble/wikilinks] WARNING Wikilink (/archives/collectables/designer-toys/pop-mart/the-monsters/products/{{ p.data.product_id }}/) found pointing to to non-existent page in:
# \\t- ./src/content/sparks/vapor-linked-governance.md
# [@photogabble/wikilinks] WARNING Wikilink ([[node-handle]]) found pointing to to non-existent page in:
# \\t- ./src/content/sparks/vapor-linked-governance.md
# [@photogabble/wikilinks] WARNING Wikilink ([[bracketed-handle]]) found pointing to to non-existent page in:
# \\t- ./src/content/sparks/vapor-linked-governance.md
# [11ty] Copied 75 Wrote 107 files in 2.65 seconds (24.7ms each, v3.1.2)
# Subtest: feed exposes build metadata
not ok 1 - feed exposes build metadata
  ---
  duration_ms: 4164.553082
  type: 'test'
  location: '/workspace/effusion-labs/tests/feed-build-meta.spec.mjs:15:1'
  failureType: 'testCodeFailure'
  error: |-
    The input did not match the regular expression /<!-- build: bede5ec -->/. Input:
    
    '\n' +
      '<?xml version="1.0" encoding="utf-8"?>\n' +
      '<rss version="2.0" xmlns:atom="http://www.w3.org/2005/Atom">\n' +
      '  <channel>\n' +
      '    <title>Effusion Labs</title>\n' +
      '    <link>https://effusionlabs.com/</link>\n' +
      '    <atom:link href="https://effusionlabs.com/feed.xml" rel="self" type="application/rss+xml" />\n' +
      '    <description>Recent updates from Effusion Labs</description>\n' +
      '    <language>en</language>\n' +
      '  </channel>\n' +
      '</rss>\n'
    
  code: 'ERR_ASSERTION'
  name: 'AssertionError'
  expected:
  actual: |-
    
    <?xml version="1.0" encoding="utf-8"?>
    <rss version="2.0" xmlns:atom="http://www.w3.org/2005/Atom">
      <channel>
        <title>Effusion Labs</title>
        <link>https://effusionlabs.com/</link>
        <atom:link href="https://effusionlabs.com/feed.xml" rel="self" type="application/rss+xml" />
        <description>Recent updates from Effusion Labs</description>
        <language>en</language>
      </channel>
    </rss>
    
  operator: 'match'
  stack: |-
    TestContext.<anonymous> (file:///workspace/effusion-labs/tests/feed-build-meta.spec.mjs:21:10)
    Test.runInAsyncScope (node:async_hooks:214:14)
    Test.run (node:internal/test_runner/test:1047:25)
    Test.start (node:internal/test_runner/test:944:17)
    startSubtestAfterBootstrap (node:internal/test_runner/harness:296:17)
  ...
1..1
# tests 1
# suites 0
# pass 0
# fail 1
# cancelled 0
# skipped 0
# todo 0
# duration_ms 4349.377306
