
> effusion_labs_final@1.0.0 test
> node tools/test-changed.mjs tests/code-copy.spec.mjs

TAP version 13
# npm warn Unknown env config "http-proxy". This will stop working in the next major version of npm.
# 🚀 Eleventy build starting with enhanced footnote system...
# ✅ Eleventy build completed. Generated 107 files.
# [@photogabble/wikilinks] WARNING Wikilink (/archives/collectables/designer-toys/pop-mart/the-monsters/products/{{ p.data.product_id }}/) found pointing to to non-existent page in:
# \\t- ./src/content/projects/project-lichen.md
# [@photogabble/wikilinks] WARNING Wikilink ([[node-handle]]) found pointing to to non-existent page in:
# \\t- ./src/content/projects/project-lichen.md
# [@photogabble/wikilinks] WARNING Wikilink ([[bracketed-handle]]) found pointing to to non-existent page in:
# \\t- ./src/content/projects/project-lichen.md
# [11ty] Copied 76 Wrote 107 files in 1.83 seconds (17.1ms each, v3.1.2)
# Subtest: code blocks expose copy control
ok 1 - code blocks expose copy control
  ---
  duration_ms: 3006.816502
  type: 'test'
  ...
1..1
# tests 1
# suites 0
# pass 1
# fail 0
# cancelled 0
# skipped 0
# todo 0
# duration_ms 3607.226695
