TAP version 13
# Subtest: script does not inject inline style for highlight
ok 1 - script does not inject inline style for highlight
  ---
  duration_ms: 1.022313
  type: 'test'
  ...
# Subtest: css exposes footnote highlight via primary token
ok 2 - css exposes footnote highlight via primary token
  ---
  duration_ms: 0.210906
  type: 'test'
  ...
# Subtest: clicking footnote link adds highlight class
ok 3 - clicking footnote link adds highlight class
  ---
  duration_ms: 77.709613
  type: 'test'
  ...
# Subtest: reduced motion users get instant scroll
ok 4 - reduced motion users get instant scroll
  ---
  duration_ms: 16.571004
  type: 'test'
  ...
1..4
# tests 4
# suites 0
# pass 4
# fail 0
# cancelled 0
# skipped 0
# todo 0
# duration_ms 3659.146815
