npm warn Unknown env config "http-proxy". This will stop working in the next major version of npm.

> effusion_labs_final@1.0.0 test
> node tools/test-changed.mjs tests/archive-nav-count.spec.mjs

TAP version 13
# npm warn Unknown env config "http-proxy". This will stop working in the next major version of npm.
# 🚀 Eleventy build starting with enhanced footnote system...
# ✅ Eleventy build completed. Generated 107 files.
# [@photogabble/wikilinks] WARNING Wikilink (/archives/collectables/designer-toys/pop-mart/the-monsters/products/{{ p.data.product_id }}/) found pointing to to non-existent page in:
# \\t- ./src/content/sparks/vapor-linked-governance.md
# [@photogabble/wikilinks] WARNING Wikilink ([[node-handle]]) found pointing to to non-existent page in:
# \\t- ./src/content/sparks/vapor-linked-governance.md
# [@photogabble/wikilinks] WARNING Wikilink ([[bracketed-handle]]) found pointing to to non-existent page in:
# \\t- ./src/content/sparks/vapor-linked-governance.md
# [11ty] Copied 75 Wrote 107 files in 1.93 seconds (18.1ms each, v3.1.2)
# Subtest: archive nav exposes child counts
ok 1 - archive nav exposes child counts
  ---
  duration_ms: 2930.13639
  type: 'test'
  ...
1..1
# tests 1
# suites 0
# pass 1
# fail 0
# cancelled 0
# skipped 0
# todo 0
# duration_ms 3054.920154
