TAP version 13
# [@photogabble/wikilinks] WARNING Wikilink (/archives/collectables/designer-toys/pop-mart/the-monsters/products/{{ p.data.product_id }}/) found pointing to to non-existent page in:
# \\t- ./src/content/sparks/vapor-linked-governance.md
# [@photogabble/wikilinks] WARNING Wikilink (/archives/collectables/designer-toys/pop-mart/the-monsters/characters/{{ c.data.slug }}/) found pointing to to non-existent page in:
# \\t- ./src/content/sparks/vapor-linked-governance.md
# [@photogabble/wikilinks] WARNING Wikilink ([[node-handle]]) found pointing to to non-existent page in:
# \\t- ./src/content/sparks/vapor-linked-governance.md
# [@photogabble/wikilinks] WARNING Wikilink ([[bracketed-handle]]) found pointing to to non-existent page in:
# \\t- ./src/content/sparks/vapor-linked-governance.md
# [11ty] Copied 76 Wrote 112 files in 1.55 seconds (13.8ms each, v3.1.2)
# Subtest: homepage hero and sections
not ok 1 - homepage hero and sections
  ---
  duration_ms: 1642.78699
  type: 'test'
  location: '/workspace/effusion-labs/test/integration/homepage.spec.mjs:19:1'
  failureType: 'testCodeFailure'
  error: |-
    The expression evaluated to a falsy value:
    
      assert(logo)
    
  code: 'ERR_ASSERTION'
  name: 'AssertionError'
  expected: true
  actual: ~
  operator: '=='
  stack: |-
    TestContext.<anonymous> (file:///workspace/effusion-labs/test/integration/homepage.spec.mjs:33:3)
    async Test.run (node:internal/test_runner/test:1054:7)
    async startSubtestAfterBootstrap (node:internal/test_runner/harness:296:3)
  ...
1..1
# tests 1
# suites 0
# pass 0
# fail 1
# cancelled 0
# skipped 0
# todo 0
# duration_ms 2712.3762
