TAP version 13
# [@photogabble/wikilinks] WARNING Wikilink (/archives/collectables/designer-toys/pop-mart/the-monsters/products/{{ p.data.product_id }}/) found pointing to to non-existent page in:
# \\t- ./src/content/sparks/vapor-linked-governance.md
# [@photogabble/wikilinks] WARNING Wikilink (/archives/collectables/designer-toys/pop-mart/the-monsters/characters/{{ c.data.slug }}/) found pointing to to non-existent page in:
# \\t- ./src/content/sparks/vapor-linked-governance.md
# [@photogabble/wikilinks] WARNING Wikilink ([[node-handle]]) found pointing to to non-existent page in:
# \\t- ./src/content/sparks/vapor-linked-governance.md
# [@photogabble/wikilinks] WARNING Wikilink ([[bracketed-handle]]) found pointing to to non-existent page in:
# \\t- ./src/content/sparks/vapor-linked-governance.md
# [11ty] Copied 77 Wrote 112 files in 1.89 seconds (16.9ms each, v3.1.2)
# Subtest: homepage work list mixes types
ok 1 - homepage work list mixes types
  ---
  duration_ms: 1976.921581
  type: 'test'
  ...
# [@photogabble/wikilinks] WARNING Wikilink (/archives/collectables/designer-toys/pop-mart/the-monsters/products/{{ p.data.product_id }}/) found pointing to to non-existent page in:
# \\t- ./src/content/sparks/vapor-linked-governance.md
# [@photogabble/wikilinks] WARNING Wikilink (/archives/collectables/designer-toys/pop-mart/the-monsters/characters/{{ c.data.slug }}/) found pointing to to non-existent page in:
# \\t- ./src/content/sparks/vapor-linked-governance.md
# [@photogabble/wikilinks] WARNING Wikilink ([[node-handle]]) found pointing to to non-existent page in:
# \\t- ./src/content/sparks/vapor-linked-governance.md
# [@photogabble/wikilinks] WARNING Wikilink ([[bracketed-handle]]) found pointing to to non-existent page in:
# \\t- ./src/content/sparks/vapor-linked-governance.md
# [11ty] Copied 77 Wrote 112 files in 1.95 seconds (17.4ms each, v3.1.2)
# Subtest: homepage hero and work filters
not ok 2 - homepage hero and work filters
  ---
  duration_ms: 2058.407901
  type: 'test'
  location: '/workspace/effusion-labs/test/integration/homepage.spec.mjs:18:1'
  failureType: 'testCodeFailure'
  error: |-
    The expression evaluated to a falsy value:
    
      assert(mapHeading)
    
  code: 'ERR_ASSERTION'
  name: 'AssertionError'
  expected: true
  operator: '=='
  stack: |-
    TestContext.<anonymous> (file:///workspace/effusion-labs/test/integration/homepage.spec.mjs:42:3)
    async Test.run (node:internal/test_runner/test:1054:7)
    async startSubtestAfterBootstrap (node:internal/test_runner/harness:296:3)
  ...
1..2
# tests 2
# suites 0
# pass 1
# fail 1
# cancelled 0
# skipped 0
# todo 0
# duration_ms 3223.072906
