TAP version 13
# [@photogabble/wikilinks] WARNING Wikilink (/archives/collectables/designer-toys/pop-mart/the-monsters/products/{{ p.data.product_id }}/) found pointing to to non-existent page in:
# \\t- ./src/content/sparks/vapor-linked-governance.md
# [@photogabble/wikilinks] WARNING Wikilink (/archives/collectables/designer-toys/pop-mart/the-monsters/characters/{{ c.data.slug }}/) found pointing to to non-existent page in:
# \\t- ./src/content/sparks/vapor-linked-governance.md
# [@photogabble/wikilinks] WARNING Wikilink ([[node-handle]]) found pointing to to non-existent page in:
# \\t- ./src/content/sparks/vapor-linked-governance.md
# [@photogabble/wikilinks] WARNING Wikilink ([[bracketed-handle]]) found pointing to to non-existent page in:
# \\t- ./src/content/sparks/vapor-linked-governance.md
# [11ty] Copied 76 Wrote 112 files in 2.37 seconds (21.2ms each, v3.1.2)
# Subtest: transformed images have slugified filenames
not ok 1 - transformed images have slugified filenames
  ---
  duration_ms: 2372.741685
  type: 'test'
  location: '/workspace/effusion-labs/test/integration/image-filename.spec.mjs:7:1'
  failureType: 'testCodeFailure'
  error: 'logo images were generated with slugified filenames'
  code: 'ERR_ASSERTION'
  name: 'AssertionError'
  expected: true
  actual: false
  operator: '=='
  stack: |-
    file:///workspace/effusion-labs/test/integration/image-filename.spec.mjs:13:3
    async TestContext.<anonymous> (file:///workspace/effusion-labs/test/helpers/eleventy-env.mjs:30:14)
    async Test.run (node:internal/test_runner/test:1054:7)
    async startSubtestAfterBootstrap (node:internal/test_runner/harness:296:3)
  ...
1..1
# tests 1
# suites 0
# pass 0
# fail 1
# cancelled 0
# skipped 0
# todo 0
# duration_ms 3029.96874
