
> effusion_labs_final@1.0.0 test:guard
> bash utils/scripts/validation/warn-gate.sh test/integration/monsters-product-metadata.spec.mjs

npm warn Unknown env config "http-proxy". This will stop working in the next major version of npm.

> effusion_labs_final@1.0.0 test
> c8 --reporter=text-summary --reporter=lcov node tools/runner.mjs

[11ty] Problem writing Eleventy templates:
[11ty] 1. Having trouble rendering njk template ./src/archives/collectables/designer-toys/pop-mart/the-monsters/products.njk (via TemplateContentRenderError)
[11ty] 2. (./src/archives/collectables/designer-toys/pop-mart/the-monsters/products.njk) [Line 17, Column 55]
[11ty]   expected variable end (via Template render error)
[11ty] 
[11ty] Original error stack trace: Error: expected variable end
[11ty]     at new TemplateError (/workspace/effusion-labs/node_modules/nunjucks/src/lib.js:74:17)
[11ty]     at Parser.error (/workspace/effusion-labs/node_modules/nunjucks/src/parser.js:63:12)
[11ty]     at Parser.fail (/workspace/effusion-labs/node_modules/nunjucks/src/parser.js:66:16)
[11ty]     at Parser.advanceAfterVariableEnd (/workspace/effusion-labs/node_modules/nunjucks/src/parser.js:122:12)
[11ty]     at Parser.parseNodes (/workspace/effusion-labs/node_modules/nunjucks/src/parser.js:990:14)
[11ty]     at Parser.parse (/workspace/effusion-labs/node_modules/nunjucks/src/parser.js:1002:42)
[11ty]     at Parser.parseUntilBlocks (/workspace/effusion-labs/node_modules/nunjucks/src/parser.js:952:20)
[11ty]     at Parser.parseMacro (/workspace/effusion-labs/node_modules/nunjucks/src/parser.js:178:22)
[11ty]     at Parser.parseStatement (/workspace/effusion-labs/node_modules/nunjucks/src/parser.js:480:21)
[11ty]     at Parser.parseNodes (/workspace/effusion-labs/node_modules/nunjucks/src/parser.js:982:22)
[11ty] Copied 78 Wrote 0 files in 2.74 seconds (v3.1.2)
✖ product page exposes full metadata (acceptance) (2746.199178ms)
[11ty] Problem writing Eleventy templates:
[11ty] 1. Having trouble rendering njk template ./src/archives/collectables/designer-toys/pop-mart/the-monsters/products.njk (via TemplateContentRenderError)
[11ty] 2. (./src/archives/collectables/designer-toys/pop-mart/the-monsters/products.njk) [Line 17, Column 55]
[11ty]   expected variable end (via Template render error)
[11ty] 
[11ty] Original error stack trace: Error: expected variable end
[11ty]     at new TemplateError (/workspace/effusion-labs/node_modules/nunjucks/src/lib.js:74:17)
[11ty]     at Parser.error (/workspace/effusion-labs/node_modules/nunjucks/src/parser.js:63:12)
[11ty]     at Parser.fail (/workspace/effusion-labs/node_modules/nunjucks/src/parser.js:66:16)
[11ty]     at Parser.advanceAfterVariableEnd (/workspace/effusion-labs/node_modules/nunjucks/src/parser.js:122:12)
[11ty]     at Parser.parseNodes (/workspace/effusion-labs/node_modules/nunjucks/src/parser.js:990:14)
[11ty]     at Parser.parse (/workspace/effusion-labs/node_modules/nunjucks/src/parser.js:1002:42)
[11ty]     at Parser.parseUntilBlocks (/workspace/effusion-labs/node_modules/nunjucks/src/parser.js:952:20)
[11ty]     at Parser.parseMacro (/workspace/effusion-labs/node_modules/nunjucks/src/parser.js:178:22)
[11ty]     at Parser.parseStatement (/workspace/effusion-labs/node_modules/nunjucks/src/parser.js:480:21)
[11ty]     at Parser.parseNodes (/workspace/effusion-labs/node_modules/nunjucks/src/parser.js:982:22)
[11ty] Wrote 0 files in 1.44 seconds (v3.1.2)
✖ rendered prices use ISO code and two decimals (property) (1444.084005ms)
[11ty] Problem writing Eleventy templates:
[11ty] 1. Having trouble rendering njk template ./src/archives/collectables/designer-toys/pop-mart/the-monsters/products.njk (via TemplateContentRenderError)
[11ty] 2. (./src/archives/collectables/designer-toys/pop-mart/the-monsters/products.njk) [Line 17, Column 55]
[11ty]   expected variable end (via Template render error)
[11ty] 
[11ty] Original error stack trace: Error: expected variable end
[11ty]     at new TemplateError (/workspace/effusion-labs/node_modules/nunjucks/src/lib.js:74:17)
[11ty]     at Parser.error (/workspace/effusion-labs/node_modules/nunjucks/src/parser.js:63:12)
[11ty]     at Parser.fail (/workspace/effusion-labs/node_modules/nunjucks/src/parser.js:66:16)
[11ty]     at Parser.advanceAfterVariableEnd (/workspace/effusion-labs/node_modules/nunjucks/src/parser.js:122:12)
[11ty]     at Parser.parseNodes (/workspace/effusion-labs/node_modules/nunjucks/src/parser.js:990:14)
[11ty]     at Parser.parse (/workspace/effusion-labs/node_modules/nunjucks/src/parser.js:1002:42)
[11ty]     at Parser.parseUntilBlocks (/workspace/effusion-labs/node_modules/nunjucks/src/parser.js:952:20)
[11ty]     at Parser.parseMacro (/workspace/effusion-labs/node_modules/nunjucks/src/parser.js:178:22)
[11ty]     at Parser.parseStatement (/workspace/effusion-labs/node_modules/nunjucks/src/parser.js:480:21)
[11ty]     at Parser.parseNodes (/workspace/effusion-labs/node_modules/nunjucks/src/parser.js:982:22)
[11ty] Wrote 0 files in 1.43 seconds (v3.1.2)
✖ table and spec semantics hold (contract) (1432.754077ms)
[11ty] Problem writing Eleventy templates:
[11ty] 1. Having trouble rendering njk template ./src/archives/collectables/designer-toys/pop-mart/the-monsters/products.njk (via TemplateContentRenderError)
[11ty] 2. (./src/archives/collectables/designer-toys/pop-mart/the-monsters/products.njk) [Line 17, Column 55]
[11ty]   expected variable end (via Template render error)
[11ty] 
[11ty] Original error stack trace: Error: expected variable end
[11ty]     at new TemplateError (/workspace/effusion-labs/node_modules/nunjucks/src/lib.js:74:17)
[11ty]     at Parser.error (/workspace/effusion-labs/node_modules/nunjucks/src/parser.js:63:12)
[11ty]     at Parser.fail (/workspace/effusion-labs/node_modules/nunjucks/src/parser.js:66:16)
[11ty]     at Parser.advanceAfterVariableEnd (/workspace/effusion-labs/node_modules/nunjucks/src/parser.js:122:12)
[11ty]     at Parser.parseNodes (/workspace/effusion-labs/node_modules/nunjucks/src/parser.js:990:14)
[11ty]     at Parser.parse (/workspace/effusion-labs/node_modules/nunjucks/src/parser.js:1002:42)
[11ty]     at Parser.parseUntilBlocks (/workspace/effusion-labs/node_modules/nunjucks/src/parser.js:952:20)
[11ty]     at Parser.parseMacro (/workspace/effusion-labs/node_modules/nunjucks/src/parser.js:178:22)
[11ty]     at Parser.parseStatement (/workspace/effusion-labs/node_modules/nunjucks/src/parser.js:480:21)
[11ty]     at Parser.parseNodes (/workspace/effusion-labs/node_modules/nunjucks/src/parser.js:982:22)
[11ty] Wrote 0 files in 1.44 seconds (v3.1.2)
✖ markets render as chips when present (acceptance) (1440.585915ms)
ℹ Error: Test "rendered prices use ISO code and two decimals (property)" at test/integration/monsters-product-metadata.spec.mjs:43:1 generated asynchronous activity after the test ended. This activity created the error "TemplatePassthroughManagerCopyError: Having trouble copying './node_modules/lucide/dist/umd/lucide.min.js'" and would have caused the test to fail, but instead triggered an unhandledRejection event.
ℹ Error: Test "table and spec semantics hold (contract)" at test/integration/monsters-product-metadata.spec.mjs:49:1 generated asynchronous activity after the test ended. This activity created the error "TemplatePassthroughManagerCopyError: Having trouble copying './src/content/archives/collectables/designer-toys/pop-mart/the-monsters/products/pop-mart--the-monsters--labubu--best-of-luck--plush--std--20231230--reg-cn.json'" and would have caused the test to fail, but instead triggered an unhandledRejection event.
ℹ Error: Test "table and spec semantics hold (contract)" at test/integration/monsters-product-metadata.spec.mjs:49:1 generated asynchronous activity after the test ended. This activity created the error "TemplatePassthroughManagerCopyError: Having trouble copying './src/content/archives/collectables/designer-toys/pop-mart/the-monsters/series/angel-in-clouds-v2.json'" and would have caused the test to fail, but instead triggered an unhandledRejection event.
ℹ Error: Test "table and spec semantics hold (contract)" at test/integration/monsters-product-metadata.spec.mjs:49:1 generated asynchronous activity after the test ended. This activity created the error "TemplatePassthroughManagerCopyError: Having trouble copying './src/content/archives/collectables/designer-toys/pop-mart/the-monsters/i18n/zh/characters/labubu.json'" and would have caused the test to fail, but instead triggered an unhandledRejection event.
ℹ Error: Test "table and spec semantics hold (contract)" at test/integration/monsters-product-metadata.spec.mjs:49:1 generated asynchronous activity after the test ended. This activity created the error "TemplatePassthroughManagerCopyError: Having trouble copying './src/content/archives/collectables/designer-toys/pop-mart/the-monsters/i18n/zh/products/pop-mart--the-monsters--labubu--fall-in-wild--plush-doll--std--40cm--20240712.json'" and would have caused the test to fail, but instead triggered an unhandledRejection event.
ℹ Error: Test "rendered prices use ISO code and two decimals (property)" at test/integration/monsters-product-metadata.spec.mjs:43:1 generated asynchronous activity after the test ended. This activity created the error "TemplatePassthroughManagerCopyError: Having trouble copying './src/content/archives/collectables/designer-toys/pop-mart/the-monsters/i18n/zh/products/pop-mart--the-monsters--labubu--fall-in-wild--plush-doll--std--40cm--20240712.json'" and would have caused the test to fail, but instead triggered an unhandledRejection event.
ℹ Error: Test "rendered prices use ISO code and two decimals (property)" at test/integration/monsters-product-metadata.spec.mjs:43:1 generated asynchronous activity after the test ended. This activity created the error "TemplatePassthroughManagerCopyError: Having trouble copying './src/content/archives/collectables/designer-toys/pop-mart/the-monsters/i18n/zh/series/fall-in-wild.json'" and would have caused the test to fail, but instead triggered an unhandledRejection event.
ℹ Error: Test "rendered prices use ISO code and two decimals (property)" at test/integration/monsters-product-metadata.spec.mjs:43:1 generated asynchronous activity after the test ended. This activity created the error "TemplatePassthroughManagerCopyError: Having trouble copying './src/content/archives/collectables/designer-toys/pop-mart/the-monsters/i18n/zh/characters/labubu.json'" and would have caused the test to fail, but instead triggered an unhandledRejection event.
ℹ tests 4
ℹ suites 0
ℹ pass 0
ℹ fail 4
ℹ cancelled 0
ℹ skipped 0
ℹ todo 0
ℹ duration_ms 8307.217813

✖ failing tests:

test at test/integration/monsters-product-metadata.spec.mjs:26:1
✖ product page exposes full metadata (acceptance) (2746.199178ms)
  Error [TemplateContentRenderError]: Having trouble rendering njk template ./src/archives/collectables/designer-toys/pop-mart/the-monsters/products.njk
      at Template._render (file:///workspace/effusion-labs/node_modules/@11ty/eleventy/src/TemplateContent.js:660:6)
      at process.processTicksAndRejections (node:internal/process/task_queues:105:5)
      at async file:///workspace/effusion-labs/node_modules/@11ty/eleventy/src/TemplateMap.js:390:9
      at async Promise.all (index 0)
      at async TemplateMap.populateContentDataInMap (file:///workspace/effusion-labs/node_modules/@11ty/eleventy/src/TemplateMap.js:380:4)
      at async TemplateMap.cache (file:///workspace/effusion-labs/node_modules/@11ty/eleventy/src/TemplateMap.js:291:3)
      at async TemplateWriter._createTemplateMap (file:///workspace/effusion-labs/node_modules/@11ty/eleventy/src/TemplateWriter.js:352:3)
      at async TemplateWriter.generateTemplates (file:///workspace/effusion-labs/node_modules/@11ty/eleventy/src/TemplateWriter.js:382:3)
      at async TemplateWriter.write (file:///workspace/effusion-labs/node_modules/@11ty/eleventy/src/TemplateWriter.js:430:38)
      at async Eleventy.executeBuild (file:///workspace/effusion-labs/node_modules/@11ty/eleventy/src/Eleventy.js:1438:19) {
    originalError: Error: expected variable end
        at new TemplateError (/workspace/effusion-labs/node_modules/nunjucks/src/lib.js:74:17)
        at Parser.error (/workspace/effusion-labs/node_modules/nunjucks/src/parser.js:63:12)
        at Parser.fail (/workspace/effusion-labs/node_modules/nunjucks/src/parser.js:66:16)
        at Parser.advanceAfterVariableEnd (/workspace/effusion-labs/node_modules/nunjucks/src/parser.js:122:12)
        at Parser.parseNodes (/workspace/effusion-labs/node_modules/nunjucks/src/parser.js:990:14)
        at Parser.parse (/workspace/effusion-labs/node_modules/nunjucks/src/parser.js:1002:42)
        at Parser.parseUntilBlocks (/workspace/effusion-labs/node_modules/nunjucks/src/parser.js:952:20)
        at Parser.parseMacro (/workspace/effusion-labs/node_modules/nunjucks/src/parser.js:178:22)
        at Parser.parseStatement (/workspace/effusion-labs/node_modules/nunjucks/src/parser.js:480:21)
        at Parser.parseNodes (/workspace/effusion-labs/node_modules/nunjucks/src/parser.js:982:22) {
      [cause]: undefined
    }
  }

test at test/integration/monsters-product-metadata.spec.mjs:43:1
✖ rendered prices use ISO code and two decimals (property) (1444.084005ms)
  Error [TemplateContentRenderError]: Having trouble rendering njk template ./src/archives/collectables/designer-toys/pop-mart/the-monsters/products.njk
      at Template._render (file:///workspace/effusion-labs/node_modules/@11ty/eleventy/src/TemplateContent.js:660:6)
      at process.processTicksAndRejections (node:internal/process/task_queues:105:5)
      at async file:///workspace/effusion-labs/node_modules/@11ty/eleventy/src/TemplateMap.js:390:9
      at async Promise.all (index 0)
      at async TemplateMap.populateContentDataInMap (file:///workspace/effusion-labs/node_modules/@11ty/eleventy/src/TemplateMap.js:380:4)
      at async TemplateMap.cache (file:///workspace/effusion-labs/node_modules/@11ty/eleventy/src/TemplateMap.js:291:3)
      at async TemplateWriter._createTemplateMap (file:///workspace/effusion-labs/node_modules/@11ty/eleventy/src/TemplateWriter.js:352:3)
      at async TemplateWriter.generateTemplates (file:///workspace/effusion-labs/node_modules/@11ty/eleventy/src/TemplateWriter.js:382:3)
      at async TemplateWriter.write (file:///workspace/effusion-labs/node_modules/@11ty/eleventy/src/TemplateWriter.js:430:38)
      at async Eleventy.executeBuild (file:///workspace/effusion-labs/node_modules/@11ty/eleventy/src/Eleventy.js:1438:19) {
    originalError: Error: expected variable end
        at new TemplateError (/workspace/effusion-labs/node_modules/nunjucks/src/lib.js:74:17)
        at Parser.error (/workspace/effusion-labs/node_modules/nunjucks/src/parser.js:63:12)
        at Parser.fail (/workspace/effusion-labs/node_modules/nunjucks/src/parser.js:66:16)
        at Parser.advanceAfterVariableEnd (/workspace/effusion-labs/node_modules/nunjucks/src/parser.js:122:12)
        at Parser.parseNodes (/workspace/effusion-labs/node_modules/nunjucks/src/parser.js:990:14)
        at Parser.parse (/workspace/effusion-labs/node_modules/nunjucks/src/parser.js:1002:42)
        at Parser.parseUntilBlocks (/workspace/effusion-labs/node_modules/nunjucks/src/parser.js:952:20)
        at Parser.parseMacro (/workspace/effusion-labs/node_modules/nunjucks/src/parser.js:178:22)
        at Parser.parseStatement (/workspace/effusion-labs/node_modules/nunjucks/src/parser.js:480:21)
        at Parser.parseNodes (/workspace/effusion-labs/node_modules/nunjucks/src/parser.js:982:22) {
      [cause]: undefined
    }
  }

test at test/integration/monsters-product-metadata.spec.mjs:49:1
✖ table and spec semantics hold (contract) (1432.754077ms)
  Error [TemplateContentRenderError]: Having trouble rendering njk template ./src/archives/collectables/designer-toys/pop-mart/the-monsters/products.njk
      at Template._render (file:///workspace/effusion-labs/node_modules/@11ty/eleventy/src/TemplateContent.js:660:6)
      at process.processTicksAndRejections (node:internal/process/task_queues:105:5)
      at async file:///workspace/effusion-labs/node_modules/@11ty/eleventy/src/TemplateMap.js:390:9
      at async Promise.all (index 0)
      at async TemplateMap.populateContentDataInMap (file:///workspace/effusion-labs/node_modules/@11ty/eleventy/src/TemplateMap.js:380:4)
      at async TemplateMap.cache (file:///workspace/effusion-labs/node_modules/@11ty/eleventy/src/TemplateMap.js:291:3)
      at async TemplateWriter._createTemplateMap (file:///workspace/effusion-labs/node_modules/@11ty/eleventy/src/TemplateWriter.js:352:3)
      at async TemplateWriter.generateTemplates (file:///workspace/effusion-labs/node_modules/@11ty/eleventy/src/TemplateWriter.js:382:3)
      at async TemplateWriter.write (file:///workspace/effusion-labs/node_modules/@11ty/eleventy/src/TemplateWriter.js:430:38)
      at async Eleventy.executeBuild (file:///workspace/effusion-labs/node_modules/@11ty/eleventy/src/Eleventy.js:1438:19) {
    originalError: Error: expected variable end
        at new TemplateError (/workspace/effusion-labs/node_modules/nunjucks/src/lib.js:74:17)
        at Parser.error (/workspace/effusion-labs/node_modules/nunjucks/src/parser.js:63:12)
        at Parser.fail (/workspace/effusion-labs/node_modules/nunjucks/src/parser.js:66:16)
        at Parser.advanceAfterVariableEnd (/workspace/effusion-labs/node_modules/nunjucks/src/parser.js:122:12)
        at Parser.parseNodes (/workspace/effusion-labs/node_modules/nunjucks/src/parser.js:990:14)
        at Parser.parse (/workspace/effusion-labs/node_modules/nunjucks/src/parser.js:1002:42)
        at Parser.parseUntilBlocks (/workspace/effusion-labs/node_modules/nunjucks/src/parser.js:952:20)
        at Parser.parseMacro (/workspace/effusion-labs/node_modules/nunjucks/src/parser.js:178:22)
        at Parser.parseStatement (/workspace/effusion-labs/node_modules/nunjucks/src/parser.js:480:21)
        at Parser.parseNodes (/workspace/effusion-labs/node_modules/nunjucks/src/parser.js:982:22) {
      [cause]: undefined
    }
  }

test at test/integration/monsters-product-metadata.spec.mjs:65:1
✖ markets render as chips when present (acceptance) (1440.585915ms)
  Error [TemplateContentRenderError]: Having trouble rendering njk template ./src/archives/collectables/designer-toys/pop-mart/the-monsters/products.njk
      at Template._render (file:///workspace/effusion-labs/node_modules/@11ty/eleventy/src/TemplateContent.js:660:6)
      at process.processTicksAndRejections (node:internal/process/task_queues:105:5)
      at async file:///workspace/effusion-labs/node_modules/@11ty/eleventy/src/TemplateMap.js:390:9
      at async Promise.all (index 0)
      at async TemplateMap.populateContentDataInMap (file:///workspace/effusion-labs/node_modules/@11ty/eleventy/src/TemplateMap.js:380:4)
      at async TemplateMap.cache (file:///workspace/effusion-labs/node_modules/@11ty/eleventy/src/TemplateMap.js:291:3)
      at async TemplateWriter._createTemplateMap (file:///workspace/effusion-labs/node_modules/@11ty/eleventy/src/TemplateWriter.js:352:3)
      at async TemplateWriter.generateTemplates (file:///workspace/effusion-labs/node_modules/@11ty/eleventy/src/TemplateWriter.js:382:3)
      at async TemplateWriter.write (file:///workspace/effusion-labs/node_modules/@11ty/eleventy/src/TemplateWriter.js:430:38)
      at async Eleventy.executeBuild (file:///workspace/effusion-labs/node_modules/@11ty/eleventy/src/Eleventy.js:1438:19) {
    originalError: Error: expected variable end
        at new TemplateError (/workspace/effusion-labs/node_modules/nunjucks/src/lib.js:74:17)
        at Parser.error (/workspace/effusion-labs/node_modules/nunjucks/src/parser.js:63:12)
        at Parser.fail (/workspace/effusion-labs/node_modules/nunjucks/src/parser.js:66:16)
        at Parser.advanceAfterVariableEnd (/workspace/effusion-labs/node_modules/nunjucks/src/parser.js:122:12)
        at Parser.parseNodes (/workspace/effusion-labs/node_modules/nunjucks/src/parser.js:990:14)
        at Parser.parse (/workspace/effusion-labs/node_modules/nunjucks/src/parser.js:1002:42)
        at Parser.parseUntilBlocks (/workspace/effusion-labs/node_modules/nunjucks/src/parser.js:952:20)
        at Parser.parseMacro (/workspace/effusion-labs/node_modules/nunjucks/src/parser.js:178:22)
        at Parser.parseStatement (/workspace/effusion-labs/node_modules/nunjucks/src/parser.js:480:21)
        at Parser.parseNodes (/workspace/effusion-labs/node_modules/nunjucks/src/parser.js:982:22) {
      [cause]: undefined
    }
  }
Executed 1 tests

=============================== Coverage summary ===============================
Statements   : 80.03% ( 1239/1548 )
Branches     : 80.95% ( 204/252 )
Functions    : 67.36% ( 64/95 )
Lines        : 80.03% ( 1239/1548 )
================================================================================
