TAP version 13
# Subtest: scripts avoid silent operations and /dev/null redirects
not ok 1 - scripts avoid silent operations and /dev/null redirects
  ---
  duration_ms: 3.684047
  type: 'test'
  location: '/workspace/effusion-labs/test/unit/no-silent-ops.test.mjs:7:1'
  failureType: 'testCodeFailure'
  error: 'prepare-docs script contains banned pattern: /\\/dev\\/null/'
  code: 'ERR_ASSERTION'
  name: 'AssertionError'
  expected: true
  actual: false
  operator: '=='
  stack: |-
    TestContext.<anonymous> (file:///workspace/effusion-labs/test/unit/no-silent-ops.test.mjs:11:7)
    Test.runInAsyncScope (node:async_hooks:214:14)
    Test.run (node:internal/test_runner/test:1047:25)
    Test.start (node:internal/test_runner/test:944:17)
    startSubtestAfterBootstrap (node:internal/test_runner/harness:296:17)
  ...
1..1
# tests 1
# suites 0
# pass 0
# fail 1
# cancelled 0
# skipped 0
# todo 0
# duration_ms 195.751504
