node:internal/deps/undici/undici:13510
      Error.captureStackTrace(err);
            ^

TypeError: fetch failed
    at node:internal/deps/undici/undici:13510:13
    at process.processTicksAndRejections (node:internal/process/task_queues:105:5)
    at async file:///workspace/effusion-labs/[eval1]:1:52 {
  [cause]: AggregateError [ENETUNREACH]: 
      at internalConnectMultiple (node:net:1134:18)
      at internalConnectMultiple (node:net:1210:5)
      at internalConnectMultiple (node:net:1210:5)
      at internalConnectMultiple (node:net:1210:5)
      at internalConnectMultiple (node:net:1210:5)
      at defaultTriggerAsyncIdScope (node:internal/async_hooks:464:18)
      at GetAddrInfoReqWrap.emitLookup [as callback] (node:net:1552:7)
      at GetAddrInfoReqWrap.onlookupall [as oncomplete] (node:dns:134:8) {
    code: 'ENETUNREACH',
    [errors]: [
      Error: connect ENETUNREACH 2606:4700:10::ac42:9b74:443 - Local (:::0)
          at internalConnectMultiple (node:net:1206:16)
          at defaultTriggerAsyncIdScope (node:internal/async_hooks:464:18)
          at GetAddrInfoReqWrap.emitLookup [as callback] (node:net:1552:7)
          at GetAddrInfoReqWrap.onlookupall [as oncomplete] (node:dns:134:8) {
        errno: -101,
        code: 'ENETUNREACH',
        syscall: 'connect',
        address: '2606:4700:10::ac42:9b74',
        port: 443
      },
      Error: connect ENETUNREACH 104.20.19.83:443 - Local (0.0.0.0:0)
          at internalConnectMultiple (node:net:1206:16)
          at internalConnectMultiple (node:net:1210:5)
          at defaultTriggerAsyncIdScope (node:internal/async_hooks:464:18)
          at GetAddrInfoReqWrap.emitLookup [as callback] (node:net:1552:7)
          at GetAddrInfoReqWrap.onlookupall [as oncomplete] (node:dns:134:8) {
        errno: -101,
        code: 'ENETUNREACH',
        syscall: 'connect',
        address: '104.20.19.83',
        port: 443
      },
      Error: connect ENETUNREACH 2606:4700:10::6814:1353:443 - Local (:::0)
          at internalConnectMultiple (node:net:1206:16)
          at internalConnectMultiple (node:net:1210:5)
          at internalConnectMultiple (node:net:1210:5)
          at defaultTriggerAsyncIdScope (node:internal/async_hooks:464:18)
          at GetAddrInfoReqWrap.emitLookup [as callback] (node:net:1552:7)
          at GetAddrInfoReqWrap.onlookupall [as oncomplete] (node:dns:134:8) {
        errno: -101,
        code: 'ENETUNREACH',
        syscall: 'connect',
        address: '2606:4700:10::6814:1353',
        port: 443
      },
      Error: connect ENETUNREACH 172.66.155.116:443 - Local (0.0.0.0:0)
          at internalConnectMultiple (node:net:1206:16)
          at internalConnectMultiple (node:net:1210:5)
          at internalConnectMultiple (node:net:1210:5)
          at internalConnectMultiple (node:net:1210:5)
          at defaultTriggerAsyncIdScope (node:internal/async_hooks:464:18)
          at GetAddrInfoReqWrap.emitLookup [as callback] (node:net:1552:7)
          at GetAddrInfoReqWrap.onlookupall [as oncomplete] (node:dns:134:8) {
        errno: -101,
        code: 'ENETUNREACH',
        syscall: 'connect',
        address: '172.66.155.116',
        port: 443
      }
    ]
  }
}

Node.js v22.19.0
