TAP version 13
# Subtest: filterDeadLinks removes templated links
ok 1 - filterDeadLinks removes templated links
  ---
  duration_ms: 2.042812
  type: 'test'
  ...
# Subtest: result has no templated links
ok 2 - result has no templated links
  ---
  duration_ms: 0.533775
  type: 'test'
  ...
# Subtest: filterDeadLinks does not mutate input
ok 3 - filterDeadLinks does not mutate input
  ---
  duration_ms: 0.425019
  type: 'test'
  ...
1..3
# tests 3
# suites 0
# pass 3
# fail 0
# cancelled 0
# skipped 0
# todo 0
# duration_ms 135.337024
