TAP version 13
# [@photogabble/wikilinks] WARNING Wikilink (/archives/collectables/designer-toys/pop-mart/the-monsters/products/{{ p.data.product_id }}/) found pointing to to non-existent page in:
# \\t- ./src/content/sparks/vapor-linked-governance.md
# [@photogabble/wikilinks] WARNING Wikilink (/archives/collectables/designer-toys/pop-mart/the-monsters/characters/{{ c.data.slug }}/) found pointing to to non-existent page in:
# \\t- ./src/content/sparks/vapor-linked-governance.md
# [@photogabble/wikilinks] WARNING Wikilink ([[node-handle]]) found pointing to to non-existent page in:
# \\t- ./src/content/sparks/vapor-linked-governance.md
# [@photogabble/wikilinks] WARNING Wikilink ([[bracketed-handle]]) found pointing to to non-existent page in:
# \\t- ./src/content/sparks/vapor-linked-governance.md
# [11ty] Copied 77 Wrote 113 files in 2.62 seconds (23.2ms each, v3.1.2)
# Subtest: homepage work list mixes types
ok 1 - homepage work list mixes types
  ---
  duration_ms: 2738.425417
  type: 'test'
  ...
# [@photogabble/wikilinks] WARNING Wikilink (/archives/collectables/designer-toys/pop-mart/the-monsters/products/{{ p.data.product_id }}/) found pointing to to non-existent page in:
# \\t- ./src/content/sparks/vapor-linked-governance.md
# [@photogabble/wikilinks] WARNING Wikilink (/archives/collectables/designer-toys/pop-mart/the-monsters/characters/{{ c.data.slug }}/) found pointing to to non-existent page in:
# \\t- ./src/content/sparks/vapor-linked-governance.md
# [@photogabble/wikilinks] WARNING Wikilink ([[node-handle]]) found pointing to to non-existent page in:
# \\t- ./src/content/sparks/vapor-linked-governance.md
# [@photogabble/wikilinks] WARNING Wikilink ([[bracketed-handle]]) found pointing to to non-existent page in:
# \\t- ./src/content/sparks/vapor-linked-governance.md
# [11ty] Copied 77 Wrote 113 files in 2.64 seconds (23.4ms each, v3.1.2)
# Subtest: homepage hero and work filters
not ok 2 - homepage hero and work filters
  ---
  duration_ms: 2815.275516
  type: 'test'
  location: '/workspace/effusion-labs/test/integration/homepage.spec.mjs:18:1'
  failureType: 'testCodeFailure'
  error: |-
    The expression evaluated to a falsy value:
    
      assert(list.className.includes('grid'))
    
  code: 'ERR_ASSERTION'
  name: 'AssertionError'
  expected: true
  actual: false
  operator: '=='
  stack: |-
    TestContext.<anonymous> (file:///workspace/effusion-labs/test/integration/homepage.spec.mjs:77:3)
    async Test.run (node:internal/test_runner/test:1054:7)
    async startSubtestAfterBootstrap (node:internal/test_runner/harness:296:3)
  ...
1..2
# tests 2
# suites 0
# pass 1
# fail 1
# cancelled 0
# skipped 0
# todo 0
# duration_ms 4463.055737
