npm warn Unknown env config "http-proxy". This will stop working in the next major version of npm.

> effusion_labs_final@1.0.0 test
> c8 --reporter=text-summary --reporter=lcov node tools/runner.mjs

[@photogabble/wikilinks] WARNING Wikilink (/archives/collectables/designer-toys/pop-mart/the-monsters/products/{{ p.data.product_id }}/) found pointing to to non-existent page in:
	- ./src/content/sparks/vapor-linked-governance.md
[@photogabble/wikilinks] WARNING Wikilink (/archives/collectables/designer-toys/pop-mart/the-monsters/characters/{{ c.data.slug }}/) found pointing to to non-existent page in:
	- ./src/content/sparks/vapor-linked-governance.md
[@photogabble/wikilinks] WARNING Wikilink ([[node-handle]]) found pointing to to non-existent page in:
	- ./src/content/sparks/vapor-linked-governance.md
[@photogabble/wikilinks] WARNING Wikilink ([[bracketed-handle]]) found pointing to to non-existent page in:
	- ./src/content/sparks/vapor-linked-governance.md
[11ty] Copied 76 Wrote 112 files in 3.35 seconds (29.9ms each, v3.1.2)
✔ archive nav exposes child counts (3366.558054ms)
[@photogabble/wikilinks] WARNING Wikilink (/archives/collectables/designer-toys/pop-mart/the-monsters/products/{{ p.data.product_id }}/) found pointing to to non-existent page in:
	- ./src/content/sparks/vapor-linked-governance.md
[@photogabble/wikilinks] WARNING Wikilink (/archives/collectables/designer-toys/pop-mart/the-monsters/characters/{{ c.data.slug }}/) found pointing to to non-existent page in:
	- ./src/content/sparks/vapor-linked-governance.md
[@photogabble/wikilinks] WARNING Wikilink ([[node-handle]]) found pointing to to non-existent page in:
	- ./src/content/sparks/vapor-linked-governance.md
[@photogabble/wikilinks] WARNING Wikilink ([[bracketed-handle]]) found pointing to to non-existent page in:
	- ./src/content/sparks/vapor-linked-governance.md
[11ty] Copied 76 Wrote 112 files in 3.33 seconds (29.8ms each, v3.1.2)
✔ layout exposes build timestamp (3350.448322ms)
[@photogabble/wikilinks] WARNING Wikilink (/archives/collectables/designer-toys/pop-mart/the-monsters/products/{{ p.data.product_id }}/) found pointing to to non-existent page in:
	- ./src/content/sparks/vapor-linked-governance.md
[@photogabble/wikilinks] WARNING Wikilink (/archives/collectables/designer-toys/pop-mart/the-monsters/characters/{{ c.data.slug }}/) found pointing to to non-existent page in:
	- ./src/content/sparks/vapor-linked-governance.md
[@photogabble/wikilinks] WARNING Wikilink ([[node-handle]]) found pointing to to non-existent page in:
	- ./src/content/sparks/vapor-linked-governance.md
[@photogabble/wikilinks] WARNING Wikilink ([[bracketed-handle]]) found pointing to to non-existent page in:
	- ./src/content/sparks/vapor-linked-governance.md
[11ty] Copied 76 Wrote 112 files in 2.79 seconds (24.9ms each, v3.1.2)
✔ code blocks expose copy control (2990.599329ms)
[@photogabble/wikilinks] WARNING Wikilink (/archives/collectables/designer-toys/pop-mart/the-monsters/products/{{ p.data.product_id }}/) found pointing to to non-existent page in:
	- ./src/content/sparks/vapor-linked-governance.md
[@photogabble/wikilinks] WARNING Wikilink (/archives/collectables/designer-toys/pop-mart/the-monsters/characters/{{ c.data.slug }}/) found pointing to to non-existent page in:
	- ./src/content/sparks/vapor-linked-governance.md
[@photogabble/wikilinks] WARNING Wikilink ([[node-handle]]) found pointing to to non-existent page in:
	- ./src/content/sparks/vapor-linked-governance.md
[@photogabble/wikilinks] WARNING Wikilink ([[bracketed-handle]]) found pointing to to non-existent page in:
	- ./src/content/sparks/vapor-linked-governance.md
[11ty] Copied 76 Wrote 112 files in 3.31 seconds (29.6ms each, v3.1.2)
✔ collection pages expose section metadata (3330.520374ms)
✔ concept map JSON-LD export generates @context and @graph (3.786472ms)
[@photogabble/wikilinks] WARNING Wikilink (/archives/collectables/designer-toys/pop-mart/the-monsters/products/{{ p.data.product_id }}/) found pointing to to non-existent page in:
	- ./src/content/sparks/vapor-linked-governance.md
[@photogabble/wikilinks] WARNING Wikilink (/archives/collectables/designer-toys/pop-mart/the-monsters/characters/{{ c.data.slug }}/) found pointing to to non-existent page in:
	- ./src/content/sparks/vapor-linked-governance.md
[@photogabble/wikilinks] WARNING Wikilink ([[node-handle]]) found pointing to to non-existent page in:
	- ./src/content/sparks/vapor-linked-governance.md
[@photogabble/wikilinks] WARNING Wikilink ([[bracketed-handle]]) found pointing to to non-existent page in:
	- ./src/content/sparks/vapor-linked-governance.md
[11ty] Copied 76 Wrote 112 files in 3.34 seconds (29.8ms each, v3.1.2)
✔ feed exposes build metadata (3355.260409ms)
[@photogabble/wikilinks] WARNING Wikilink (/archives/collectables/designer-toys/pop-mart/the-monsters/products/{{ p.data.product_id }}/) found pointing to to non-existent page in:
	- ./src/content/sparks/vapor-linked-governance.md
[@photogabble/wikilinks] WARNING Wikilink (/archives/collectables/designer-toys/pop-mart/the-monsters/characters/{{ c.data.slug }}/) found pointing to to non-existent page in:
	- ./src/content/sparks/vapor-linked-governance.md
[@photogabble/wikilinks] WARNING Wikilink ([[node-handle]]) found pointing to to non-existent page in:
	- ./src/content/sparks/vapor-linked-governance.md
[@photogabble/wikilinks] WARNING Wikilink ([[bracketed-handle]]) found pointing to to non-existent page in:
	- ./src/content/sparks/vapor-linked-governance.md
[11ty] Copied 76 Wrote 112 files in 3.40 seconds (30.3ms each, v3.1.2)
✔ home page header includes primary nav landmark (3414.424877ms)
[@photogabble/wikilinks] WARNING Wikilink (/archives/collectables/designer-toys/pop-mart/the-monsters/products/{{ p.data.product_id }}/) found pointing to to non-existent page in:
	- ./src/content/sparks/vapor-linked-governance.md
[@photogabble/wikilinks] WARNING Wikilink (/archives/collectables/designer-toys/pop-mart/the-monsters/characters/{{ c.data.slug }}/) found pointing to to non-existent page in:
	- ./src/content/sparks/vapor-linked-governance.md
[@photogabble/wikilinks] WARNING Wikilink ([[node-handle]]) found pointing to to non-existent page in:
	- ./src/content/sparks/vapor-linked-governance.md
[@photogabble/wikilinks] WARNING Wikilink ([[bracketed-handle]]) found pointing to to non-existent page in:
	- ./src/content/sparks/vapor-linked-governance.md
[11ty] Copied 76 Wrote 112 files in 2.85 seconds (25.5ms each, v3.1.2)
✔ homepage lists latest entries per section (3012.854965ms)
[@photogabble/wikilinks] WARNING Wikilink (/archives/collectables/designer-toys/pop-mart/the-monsters/products/{{ p.data.product_id }}/) found pointing to to non-existent page in:
	- ./src/content/sparks/vapor-linked-governance.md
[@photogabble/wikilinks] WARNING Wikilink (/archives/collectables/designer-toys/pop-mart/the-monsters/characters/{{ c.data.slug }}/) found pointing to to non-existent page in:
	- ./src/content/sparks/vapor-linked-governance.md
[@photogabble/wikilinks] WARNING Wikilink ([[node-handle]]) found pointing to to non-existent page in:
	- ./src/content/sparks/vapor-linked-governance.md
[@photogabble/wikilinks] WARNING Wikilink ([[bracketed-handle]]) found pointing to to non-existent page in:
	- ./src/content/sparks/vapor-linked-governance.md
[11ty] Copied 76 Wrote 112 files in 2.91 seconds (26.0ms each, v3.1.2)
✖ homepage hero and sections (3033.366576ms)
[@photogabble/wikilinks] WARNING Wikilink (/archives/collectables/designer-toys/pop-mart/the-monsters/products/{{ p.data.product_id }}/) found pointing to to non-existent page in:
	- ./src/content/sparks/vapor-linked-governance.md
[@photogabble/wikilinks] WARNING Wikilink (/archives/collectables/designer-toys/pop-mart/the-monsters/characters/{{ c.data.slug }}/) found pointing to to non-existent page in:
	- ./src/content/sparks/vapor-linked-governance.md
[@photogabble/wikilinks] WARNING Wikilink ([[node-handle]]) found pointing to to non-existent page in:
	- ./src/content/sparks/vapor-linked-governance.md
[@photogabble/wikilinks] WARNING Wikilink ([[bracketed-handle]]) found pointing to to non-existent page in:
	- ./src/content/sparks/vapor-linked-governance.md
[11ty] Copied 76 Wrote 112 files in 3.77 seconds (33.6ms each, v3.1.2)
✔ transformed images have slugified filenames (3785.096558ms)
[@photogabble/wikilinks] WARNING Wikilink (/archives/collectables/designer-toys/pop-mart/the-monsters/products/{{ p.data.product_id }}/) found pointing to to non-existent page in:
	- ./src/content/sparks/vapor-linked-governance.md
[@photogabble/wikilinks] WARNING Wikilink (/archives/collectables/designer-toys/pop-mart/the-monsters/characters/{{ c.data.slug }}/) found pointing to to non-existent page in:
	- ./src/content/sparks/vapor-linked-governance.md
[@photogabble/wikilinks] WARNING Wikilink ([[node-handle]]) found pointing to to non-existent page in:
	- ./src/content/sparks/vapor-linked-governance.md
[@photogabble/wikilinks] WARNING Wikilink ([[bracketed-handle]]) found pointing to to non-existent page in:
	- ./src/content/sparks/vapor-linked-governance.md
[11ty] Benchmark    292ms   9%   112× (Configuration) "@11ty/eleventy/html-transformer" Transform
[11ty] Copied 76 Wrote 112 files in 3.42 seconds (30.5ms each, v3.1.2)
✔ logo image transforms to avif and webp (3568.439094ms)
[@photogabble/wikilinks] WARNING Wikilink (/archives/collectables/designer-toys/pop-mart/the-monsters/products/{{ p.data.product_id }}/) found pointing to to non-existent page in:
	- ./src/content/sparks/vapor-linked-governance.md
[@photogabble/wikilinks] WARNING Wikilink (/archives/collectables/designer-toys/pop-mart/the-monsters/characters/{{ c.data.slug }}/) found pointing to to non-existent page in:
	- ./src/content/sparks/vapor-linked-governance.md
[@photogabble/wikilinks] WARNING Wikilink ([[node-handle]]) found pointing to to non-existent page in:
	- ./src/content/sparks/vapor-linked-governance.md
[@photogabble/wikilinks] WARNING Wikilink ([[bracketed-handle]]) found pointing to to non-existent page in:
	- ./src/content/sparks/vapor-linked-governance.md
[11ty] Copied 76 Wrote 112 files in 3.26 seconds (29.1ms each, v3.1.2)
✔ markdown headings include anchor ids (3275.3683ms)
[@photogabble/wikilinks] WARNING Wikilink (/archives/collectables/designer-toys/pop-mart/the-monsters/products/{{ p.data.product_id }}/) found pointing to to non-existent page in:
	- ./src/content/sparks/vapor-linked-governance.md
[@photogabble/wikilinks] WARNING Wikilink (/archives/collectables/designer-toys/pop-mart/the-monsters/characters/{{ c.data.slug }}/) found pointing to to non-existent page in:
	- ./src/content/sparks/vapor-linked-governance.md
[@photogabble/wikilinks] WARNING Wikilink ([[node-handle]]) found pointing to to non-existent page in:
	- ./src/content/sparks/vapor-linked-governance.md
[@photogabble/wikilinks] WARNING Wikilink ([[bracketed-handle]]) found pointing to to non-existent page in:
	- ./src/content/sparks/vapor-linked-governance.md
[11ty] Copied 76 Wrote 112 files in 3.28 seconds (29.2ms each, v3.1.2)
✔ monsters hub lists products and cross-links product and character pages (3289.704411ms)
[@photogabble/wikilinks] WARNING Wikilink (/archives/collectables/designer-toys/pop-mart/the-monsters/products/{{ p.data.product_id }}/) found pointing to to non-existent page in:
	- ./src/content/sparks/vapor-linked-governance.md
[@photogabble/wikilinks] WARNING Wikilink (/archives/collectables/designer-toys/pop-mart/the-monsters/characters/{{ c.data.slug }}/) found pointing to to non-existent page in:
	- ./src/content/sparks/vapor-linked-governance.md
[@photogabble/wikilinks] WARNING Wikilink ([[node-handle]]) found pointing to to non-existent page in:
	- ./src/content/sparks/vapor-linked-governance.md
[@photogabble/wikilinks] WARNING Wikilink ([[bracketed-handle]]) found pointing to to non-existent page in:
	- ./src/content/sparks/vapor-linked-governance.md
[11ty] Copied 76 Wrote 112 files in 3.22 seconds (28.8ms each, v3.1.2)
✔ main nav marks current page and is labelled (3236.068298ms)
✔ navigation items are sequentially ordered (1.128489ms)
[@photogabble/wikilinks] WARNING Wikilink (/archives/collectables/designer-toys/pop-mart/the-monsters/products/{{ p.data.product_id }}/) found pointing to to non-existent page in:
	- ./src/content/sparks/vapor-linked-governance.md
[@photogabble/wikilinks] WARNING Wikilink (/archives/collectables/designer-toys/pop-mart/the-monsters/characters/{{ c.data.slug }}/) found pointing to to non-existent page in:
	- ./src/content/sparks/vapor-linked-governance.md
[@photogabble/wikilinks] WARNING Wikilink ([[node-handle]]) found pointing to to non-existent page in:
	- ./src/content/sparks/vapor-linked-governance.md
[@photogabble/wikilinks] WARNING Wikilink ([[bracketed-handle]]) found pointing to to non-existent page in:
	- ./src/content/sparks/vapor-linked-governance.md
[11ty] Copied 76 Wrote 112 files in 3.30 seconds (29.5ms each, v3.1.2)
✔ buildLean sets env and output directory (3317.398782ms)
[@photogabble/wikilinks] WARNING Wikilink (/archives/collectables/designer-toys/pop-mart/the-monsters/products/{{ p.data.product_id }}/) found pointing to to non-existent page in:
	- ./src/content/sparks/vapor-linked-governance.md
[@photogabble/wikilinks] WARNING Wikilink (/archives/collectables/designer-toys/pop-mart/the-monsters/characters/{{ c.data.slug }}/) found pointing to to non-existent page in:
	- ./src/content/sparks/vapor-linked-governance.md
[@photogabble/wikilinks] WARNING Wikilink ([[node-handle]]) found pointing to to non-existent page in:
	- ./src/content/sparks/vapor-linked-governance.md
[@photogabble/wikilinks] WARNING Wikilink ([[bracketed-handle]]) found pointing to to non-existent page in:
	- ./src/content/sparks/vapor-linked-governance.md
[11ty] Copied 76 Wrote 112 files in 3.17 seconds (28.3ms each, v3.1.2)
✔ spark listings reveal status text (3188.750594ms)
✔ deploy workflow does not trigger on pull_request (1.419177ms)
✔ build job runs only on push events (0.188696ms)
✔ docs:links reports no broken links (1074.614732ms)
✔ package-lock.json defines lockfileVersion (5.083217ms)
✔ projects computed picks latest entries by date (2.448863ms)
✔ keepalive emits heartbeat to stderr (6255.73434ms)
✔ keepalive ignores first SIGINT (326.870145ms)
✔ devDependencies omit @vscode/ripgrep (1.085647ms)
✔ prepare-docs avoids ripgrep install (0.143476ms)
✔ time to chill includes size with height in cm (1.291068ms)
✔ time to chill height is positive (0.144115ms)
✔ GitHub workflows use latest action versions (1.263902ms)
ℹ tests 29
ℹ suites 0
ℹ pass 28
ℹ fail 1
ℹ cancelled 0
ℹ skipped 0
ℹ todo 0
ℹ duration_ms 30469.984767

✖ failing tests:

test at test/integration/homepage.spec.mjs:18:1
✖ homepage hero and sections (3033.366576ms)
  AssertionError [ERR_ASSERTION]: 'EFFUSION LABS' == 'Experimental R&D you can actually use.'
      at TestContext.<anonymous> (file:///workspace/effusion-labs/test/integration/homepage.spec.mjs:27:10)
      at async Test.run (node:internal/test_runner/test:1054:7)
      at async startSubtestAfterBootstrap (node:internal/test_runner/harness:296:3) {
    generatedMessage: true,
    code: 'ERR_ASSERTION',
    actual: 'EFFUSION LABS',
    expected: 'Experimental R&D you can actually use.',
    operator: '=='
  }
Executed 24 tests

=============================== Coverage summary ===============================
Statements   : 84.83% ( 1147/1352 )
Branches     : 79.74% ( 185/232 )
Functions    : 76.19% ( 64/84 )
Lines        : 84.83% ( 1147/1352 )
================================================================================
