TAP version 13
# [@photogabble/wikilinks] WARNING Wikilink (/archives/collectables/designer-toys/pop-mart/the-monsters/products/{{ p.data.product_id }}/) found pointing to to non-existent page in:
# \\t- ./src/content/sparks/vapor-linked-governance.md
# [@photogabble/wikilinks] WARNING Wikilink (/archives/collectables/designer-toys/pop-mart/the-monsters/characters/{{ c.data.slug }}/) found pointing to to non-existent page in:
# \\t- ./src/content/sparks/vapor-linked-governance.md
# [@photogabble/wikilinks] WARNING Wikilink ([[node-handle]]) found pointing to to non-existent page in:
# \\t- ./src/content/sparks/vapor-linked-governance.md
# [@photogabble/wikilinks] WARNING Wikilink ([[bracketed-handle]]) found pointing to to non-existent page in:
# \\t- ./src/content/sparks/vapor-linked-governance.md
# [11ty] Copied 76 Wrote 112 files in 1.94 seconds (17.3ms each, v3.1.2)
# Subtest: homepage hero and sections
ok 1 - homepage hero and sections
  ---
  duration_ms: 2048.804469
  type: 'test'
  ...
# [@photogabble/wikilinks] WARNING Wikilink (/archives/collectables/designer-toys/pop-mart/the-monsters/products/{{ p.data.product_id }}/) found pointing to to non-existent page in:
# \\t- ./src/content/sparks/vapor-linked-governance.md
# [@photogabble/wikilinks] WARNING Wikilink (/archives/collectables/designer-toys/pop-mart/the-monsters/characters/{{ c.data.slug }}/) found pointing to to non-existent page in:
# \\t- ./src/content/sparks/vapor-linked-governance.md
# [@photogabble/wikilinks] WARNING Wikilink ([[node-handle]]) found pointing to to non-existent page in:
# \\t- ./src/content/sparks/vapor-linked-governance.md
# [@photogabble/wikilinks] WARNING Wikilink ([[bracketed-handle]]) found pointing to to non-existent page in:
# \\t- ./src/content/sparks/vapor-linked-governance.md
# [11ty] Copied 76 Wrote 112 files in 2.21 seconds (19.7ms each, v3.1.2)
# Subtest: logo image transforms to avif and webp
ok 2 - logo image transforms to avif and webp
  ---
  duration_ms: 2300.471045
  type: 'test'
  ...
1..2
# tests 2
# suites 0
# pass 2
# fail 0
# cancelled 0
# skipped 0
# todo 0
# duration_ms 3330.432559
