✖ non-source link keeps text (16.423694ms)
✔ devDependencies omit @vscode/ripgrep (1.040444ms)
✔ prepare-docs avoids ripgrep install (0.141537ms)
✔ time to chill includes size with height in cm (1.183835ms)
✔ time to chill height is positive (0.168152ms)
✔ GitHub workflows use latest action versions (1.2982ms)
ℹ tests 32
ℹ suites 0
ℹ pass 31
ℹ fail 1
ℹ cancelled 0
ℹ skipped 0
ℹ todo 0
ℹ duration_ms 25726.636935

✖ failing tests:

test at test/unit/markdown-links.test.mjs:18:7
✖ non-source link keeps text (16.423694ms)
  AssertionError [ERR_ASSERTION]: The expression evaluated to a falsy value:
  
    assert.ok(html.includes('Example'))
  
      at TestContext.<anonymous> (file:///workspace/effusion-labs/test/unit/markdown-links.test.mjs:22:10)
      at Test.runInAsyncScope (node:async_hooks:214:14)
      at Test.run (node:internal/test_runner/test:1047:25)
      at Test.start (node:internal/test_runner/test:944:17)
      at startSubtestAfterBootstrap (node:internal/test_runner/harness:296:17)
      at run (node:internal/test_runner/harness:307:12)
      at test (node:internal/test_runner/harness:316:12)
      at file:///workspace/effusion-labs/test/unit/markdown-links.test.mjs:18:7 {
    generatedMessage: true,
