TAP version 13
# node:internal/modules/esm/resolve:274
#     throw new ERR_MODULE_NOT_FOUND(
#           ^
# Error [ERR_MODULE_NOT_FOUND]: Cannot find module '/workspace/effusion-labs/lib/wikilinks/filter-dead-links.js' imported from /workspace/effusion-labs/test/unit/wikilink-filter.test.mjs
#     at finalizeResolution (node:internal/modules/esm/resolve:274:11)
#     at moduleResolve (node:internal/modules/esm/resolve:859:10)
#     at defaultResolve (node:internal/modules/esm/resolve:983:11)
#     at ModuleLoader.defaultResolve (node:internal/modules/esm/loader:783:12)
#     at \#cachedDefaultResolve (node:internal/modules/esm/loader:707:25)
#     at ModuleLoader.resolve (node:internal/modules/esm/loader:690:38)
#     at ModuleLoader.getModuleJobForImport (node:internal/modules/esm/loader:307:38)
#     at ModuleJob._link (node:internal/modules/esm/module_job:183:49) {
#   code: 'ERR_MODULE_NOT_FOUND',
#   url: 'file:///workspace/effusion-labs/lib/wikilinks/filter-dead-links.js'
# }
# Node.js v22.18.0
# Subtest: test/unit/wikilink-filter.test.mjs
not ok 1 - test/unit/wikilink-filter.test.mjs
  ---
  duration_ms: 89.464344
  type: 'test'
  location: '/workspace/effusion-labs/test/unit/wikilink-filter.test.mjs:1:1'
  failureType: 'testCodeFailure'
  exitCode: 1
  signal: ~
  error: 'test failed'
  code: 'ERR_TEST_FAILURE'
  ...
1..1
# tests 1
# suites 0
# pass 0
# fail 1
# cancelled 0
# skipped 0
# todo 0
# duration_ms 99.57811
