TAP version 13
# Subtest: hero logo eager loads with high priority and explicit size
not ok 1 - hero logo eager loads with high priority and explicit size
  ---
  duration_ms: 4233.073448
  type: 'test'
  location: '/workspace/effusion-labs/test/hero-image-priority.test.mjs:7:1'
  failureType: 'testCodeFailure'
  error: "'lazy' == 'eager'"
  code: 'ERR_ASSERTION'
  name: 'AssertionError'
  expected: 'eager'
  actual: 'lazy'
  operator: '=='
  stack: |-
    TestContext.<anonymous> (file:///workspace/effusion-labs/test/hero-image-priority.test.mjs:13:10)
    Test.runInAsyncScope (node:async_hooks:214:14)
    Test.run (node:internal/test_runner/test:1047:25)
    Test.start (node:internal/test_runner/test:944:17)
    startSubtestAfterBootstrap (node:internal/test_runner/harness:296:17)
  ...
1..1
# tests 1
# suites 0
# pass 0
# fail 1
# cancelled 0
# skipped 0
# todo 0
# duration_ms 4973.810638
