
> effusion_labs_final@1.0.0 test
> node tools/test-changed.mjs tests/monsters-hub.spec.mjs

TAP version 13
# npm warn Unknown env config "http-proxy". This will stop working in the next major version of npm.
# 🚀 Eleventy build starting with enhanced footnote system...
# /*! 🌼 daisyUI 5.0.50 */
# ✅ Eleventy build completed. Generated 112 files.
# [@photogabble/wikilinks] WARNING Wikilink (/archives/collectables/designer-toys/pop-mart/the-monsters/products/{{ p.data.product_id }}/) found pointing to to non-existent page in:
# \\t- ./src/content/sparks/vapor-linked-governance.md
# [@photogabble/wikilinks] WARNING Wikilink ([[node-handle]]) found pointing to to non-existent page in:
# \\t- ./src/content/sparks/vapor-linked-governance.md
# [@photogabble/wikilinks] WARNING Wikilink ([[bracketed-handle]]) found pointing to to non-existent page in:
# \\t- ./src/content/sparks/vapor-linked-governance.md
# [11ty] Copied 76 Wrote 112 files in 4.32 seconds (38.6ms each, v3.1.2)
# Subtest: monsters hub lists products and cross-links product and character pages
not ok 1 - monsters hub lists products and cross-links product and character pages
  ---
  duration_ms: 5840.239234
  type: 'test'
  location: '/workspace/effusion-labs/tests/monsters-hub.spec.mjs:15:1'
  failureType: 'testCodeFailure'
  error: |-
    The input did not match the regular expression /time-to-chill--plush--std--20221031/. Input:
    
    '\n' +
      '<!DOCTYPE html>\n' +
      '<html lang="en" data-theme="dark" class="scroll-pt-16 dark">\n' +
      '<head>\n' +
      '  <meta charset="UTF-8">\n' +
      '  <meta name="viewport" content="width=device-width, initial-scale=1.0">\n' +
      '  <title>POP MART — The Monsters | Effusion Labs</title>\n' +
      '\n' +
      '  <meta name="color-scheme" content="dark light">\n' +
      '  <script>(function(){\n' +
      "  const storageKey = 'theme';\n" +
      '  const doc = document.documentElement;\n' +
      '  const stored = localStorage.getItem(storageKey);\n' +
      `  const meta = document.querySelector('meta[name="color-scheme"]') || (function(){\n` +
      "    const m = document.createElement('meta');\n" +
      "    m.name = 'color-scheme';\n" +
      '    document.head.appendChild(m);\n' +
      '    return m;\n' +
      '  })();\n' +
      '  let theme = stored;\n' +
      "  if (theme !== 'dark' && theme !== 'light') {\n" +
      "    theme = 'dark';\n" +
      '  }\n' +
      '  doc.dataset.theme = theme;\n' +
      "  doc.classList.toggle('dark', theme === 'dark');\n" +
      "  meta.content = theme === 'light' ? 'light dark' : 'dark light';\n" +
      '})();\n' +
      '</script>\n' +
      '\n' +
      '  <link rel="stylesheet" href="/assets/css/app.css">\n' +
      '  <link rel="preconnect" href="https://fonts.googleapis.com">\n' +
      '  <link rel="preconnect" href="https://fonts.gstatic.com" crossorigin="">\n' +
      '  <link href="https://fonts.googleapis.com/css2?family=Bebas+Neue&family=Roboto:wght@400;700&display=swap" rel="stylesheet">\n' +
      '  <script src="/assets/js/lucide.min.js"></script>\n' +
      '</head>\n' +
      '\n' +
      '<body class="bg-background text-text font-body leading-relaxed text-[17px]">\n' +
      '  <a href="#main" class="skip-link">Skip to main content</a>\n' +
      '  \n' +
      '<header class="sticky top-0 z-40 w-full bg-base-100/90 backdrop-blur shadow">\n' +
      '  <div class="navbar mx-auto max-w-screen-2xl px-6">\n' +
      '    \n' +
      '\n' +
      '    <!-- Brand -->\n' +
      '    <div class="flex-1">\n' +
      '      <a href="/" class="flex items-center gap-2 font-heading text-3xl text-primary">\n' +
      '        <i data-lucide="flask-conical" class="w-6 h-6" aria-hidden="true"></i>\n' +
      '        <span>EFFUSION LABS</span>\n' +
      '      </a>\n' +
      '    </div>\n' +
      '\n' +
      '    <!-- Mobile nav (hidden on lg+) -->\n' +
      '    <div class="flex-none lg:hidden">\n' +
      '      <nav class="dropdown dropdown-end" aria-label="Primary navigation">\n' +
      '        <label tabindex="0" class="btn btn-ghost btn-square" aria-label="Open menu">\n' +
      '          <i data-lucide="menu" class="w-6 h-6" aria-hidden="true"></i>\n' +
      '        </label>\n' +
      '        <ul tabindex="0" class="menu menu-sm dropdown-content mt-3 z-[100] p-2 shadow bg-base-100 rounded-box w-56" role="menu">\n' +
      '          \n' +
      '          \n' +
      '            \n' +
      '    <li><a href="/">Showcase</a></li>\n' +
      '  \n' +
      '    <li><a href="/sparks/">Sparks</a></li>\n' +
      '  \n' +
      '    <li><a href="/concepts/">Concepts</a></li>\n' +
      '  \n' +
      '    <li><a href="/projects/">Projects</a></li>\n' +
      '  \n' +
      '    <li><a href="/archives/">Archives</a></li>\n' +
      '  \n' +
      '    <li><a href="/meta/">Meta</a></li>\n' +
      '  \n' +
      '    <li><a href="/map/">Map</a></li>\n' +
      '  \n' +
      '          \n' +
      '        </ul>\n' +
      '      </nav>\n' +
      '    </div>\n' +
      '\n' +
      '    <!-- Right cluster: theme toggle + desktop nav -->\n' +
      '    <div class="flex-none flex items-center gap-2">\n' +
      '      <button id="theme-toggle" class="btn btn-ghost btn-square" aria-label="Switch to light theme" aria-pressed="true">\n' +
      '        <span class="sr-only">Toggle theme</span>\n' +
      '        <i data-lucide="sun" class="w-6 h-6 hidden" aria-hidden="true"></i>\n' +
      '        <i data-lucide="moon" class="w-6 h-6" aria-hidden="true"></i>\n' +
      '      </button>\n' +
      '\n' +
      '      <!-- Desktop nav (shown on lg+) -->\n' +
      '      <nav class="hidden lg:flex" aria-label="Primary navigation">\n' +
      '        <ul class="menu menu-horizontal px-1">\n' +
      '          \n' +
      '            \n' +
      '    <li><a href="/" class="hover:text-primary">Showcase</a></li>\n' +
      '  \n' +
      '    <li><a href="/sparks/" class="hover:text-primary">Sparks</a></li>\n' +
      '  \n' +
      '    <li><a href="/concepts/" class="hover:text-primary">Concepts</a></li>\n' +
      '  \n' +
      '    <li><a href="/projects/" class="hover:text-primary">Projects</a></li>\n' +
      '  \n' +
      '    <li><a href="/archives/" class="hover:text-primary">Archives</a></li>\n' +
      '  \n' +
      '    <li><a href="/meta/" class="hover:text-primary">Meta</a></li>\n' +
      '  \n' +
      '    <li><a href="/map/" class="hover:text-primary">Map</a></li>\n' +
      '  \n' +
      '          \n' +
      '        </ul>\n' +
      '      </nav>\n' +
      '    </div>\n' +
      '  </div>\n' +
      '</header>\n' +
      '\n' +
      '\n' +
      '  <div class="mx-auto max-w-screen-2xl px-6">\n' +
      '    \n' +
      '    \n' +
      '\n' +
      '    <main id="main" class="\n' +
      '      xl:grid xl:gap-10 xl:grid-cols-[1fr_16rem]\n' +
      '       mt-12\n' +
      '    ">\n' +
      '      <article class="prose dark:prose-invert max-w-none m-0\n' +
      '         xl:col-span-1 \n' +
      '      ">\n' +
      '        \n' +
      '          <header class="mb-8">\n' +
      '            <h1 class="font-heading text-primary text-4xl tracking-wider">POP MART — The Monsters</h1>\n' +
      '          </header>\n' +
      '        \n' +
      '        <h1 class="text-2xl font-bold mb-4">POP MART — The Monsters</h1>\n' +
      '<h2 class="text-xl font-semibold mt-4 mb-2">Products</h2>\n' +
      '<ul>\n' +
      '\n' +
      '  <li><a href="/archives/collectables/designer-toys/pop-mart/the-monsters/products/pop-mart--the-monsters--labubu--best-of-luck--plush--std--20231230--reg-cn/">pop-mart--the-monsters--labubu--best-of-luck--plush--std--20231230--reg-cn</a></li>\n' +
      '\n' +
      '  <li><a href="/archives/collectables/designer-toys/pop-mart/the-monsters/products/pop-mart--the-monsters--labubu--big-into-energy--blind-box--single--20250425/">pop-mart--the-monsters--labubu--big-into-energy--blind-box--single--20250425</a></li>\n' +
      '\n' +
      '  <li><a href="/archives/collectables/designer-toys/pop-mart/the-monsters/products/pop-mart--the-monsters--labubu--big-into-energy--blind-box-set--sealed--20250425/">pop-mart--the-monsters--labubu--big-into-energy--blind-box-set--sealed--20250425</a></li>\n' +
      '\n' +
      '  <li><a href="/archives/collectables/designer-toys/pop-mart/the-monsters/products/pop-mart--the-monsters--labubu--coca-cola--blind-box--single--20250124/">pop-mart--the-monsters--labubu--coca-cola--blind-box--single--20250124</a></li>\n' +
      '\n' +
      '  <li><a href="/archives/collectables/designer-toys/pop-mart/the-monsters/products/pop-mart--the-monsters--labubu--coca-cola--blind-box-set--sealed--20250124/">pop-mart--the-monsters--labubu--coca-cola--blind-box-set--sealed--20250124</a></li>\n' +
      '\n' +
      '  <li><a href="/archives/collectables/designer-toys/pop-mart/the-monsters/products/pop-mart--the-monsters--labubu--dress-be-latte--plush--std--20231026/">pop-mart--the-monsters--labubu--dress-be-latte--plush--std--20231026</a></li>\n' +
      '\n' +
      '  <li><a href="/archives/collectables/designer-toys/pop-mart/the-monsters/products/pop-mart--the-monsters--labubu--exciting-macaron--blind-box--single--20241027/">pop-mart--the-monsters--labubu--exciting-macaron--blind-box--single--20241027</a></li>\n' +
      '\n' +
      '  <li><a href="/archives/collectables/designer-toys/pop-mart/the-monsters/products/pop-mart--the-monsters--labubu--exciting-macaron--blind-box-set--sealed--20241027/">pop-mart--the-monsters--labubu--exciting-macaron--blind-box-set--sealed--20241027</a></li>\n' +
      '\n' +
      '  <li><a href="/archives/collectables/designer-toys/pop-mart/the-monsters/products/pop-mart--the-monsters--labubu--fall-in-wild--pendant--std--17cm--20240712/">pop-mart--the-monsters--labubu--fall-in-wild--pendant--std--17cm--20240712</a></li>\n' +
      '\n' +
      '  <li><a href="/archives/collectables/designer-toys/pop-mart/the-monsters/products/pop-mart--the-monsters--labubu--fall-in-wild--plush-doll--std--40cm--20240712/">pop-mart--the-monsters--labubu--fall-in-wild--plush-doll--std--40cm--20240712</a></li>\n' +
      '\n' +
      '  <li><a href="/archives/collectables/designer-toys/pop-mart/the-monsters/products/pop-mart--the-monsters--labubu--flip-with-me--plush--std--40cm--20240712/">pop-mart--the-monsters--labubu--flip-with-me--plush--std--40cm--20240712</a></li>\n' +
      '\n' +
      '  <li><a href="/archives/collectables/designer-toys/pop-mart/the-monsters/products/pop-mart--the-monsters--labubu--forest-fairy-tale-china--figure--std--20250526--reg-cn/">pop-mart--the-monsters--labubu--forest-fairy-tale-china--figure--std--20250526--reg-cn</a></li>\n' +
      '\n' +
      '  <li><a href="/archives/collectables/designer-toys/pop-mart/the-monsters/products/pop-mart--the-monsters--labubu--good-lucky-to-you-thailand--figure--std--20241220--reg-th/">pop-mart--the-monsters--labubu--good-lucky-to-you-thailand--figure--std--20241220--reg-th</a></li>\n' +
      '\n' +
      '  <li><a href="/archives/collectables/designer-toys/pop-mart/the-monsters/products/pop-mart--the-monsters--labubu--happy-halloween-party-sitting-pumpkin--pendant--sitting-pumpkin--20241025/">pop-mart--the-monsters--labubu--happy-halloween-party-sitting-pumpkin--pendant--sitting-pumpkin--20241025</a></li>\n' +
      '\n' +
      '  <li><a href="/archives/collectables/designer-toys/pop-mart/the-monsters/products/pop-mart--the-monsters--labubu--have-a-seat--blind-box--single--15cm--20240712/">pop-mart--the-monsters--labubu--have-a-seat--blind-box--single--15cm--20240712</a></li>\n' +
      '\n' +
      '  <li><a href="/archives/collectables/designer-toys/pop-mart/the-monsters/products/pop-mart--the-monsters--labubu--have-a-seat--blind-box-set--sealed--15cm--20240712/">pop-mart--the-monsters--labubu--have-a-seat--blind-box-set--sealed--15cm--20240712</a></li>\n' +
      '\n' +
      '  <li><a href="/archives/collectables/designer-toys/pop-mart/the-monsters/products/pop-mart--the-monsters--labubu--hide-and-seek-in-singapore--figure--std--17.5cm--reg-sg/">pop-mart--the-monsters--labubu--hide-and-seek-in-singapore--figure--std--17.5cm--reg-sg</a></li>\n' +
      '\n' +
      '  <li><a href="/archives/collectables/designer-toys/pop-mart/the-monsters/products/pop-mart--the-monsters--labubu--jump-for-joy--plush--std--20230525/">pop-mart--the-monsters--labubu--jump-for-joy--plush--std--20230525</a></li>\n' +
      '\n' +
      '  <li><a href="/archives/collectables/designer-toys/pop-mart/the-monsters/products/pop-mart--the-monsters--labubu--lets-checkmate--pendant--std--17cm--20250207/">pop-mart--the-monsters--labubu--lets-checkmate--pendant--std--17cm--20250207</a></li>\n' +
      '\n' +
      '  <li><a href="/archives/collectables/designer-toys/pop-mart/the-monsters/products/pop-mart--the-monsters--labubu--lets-checkmate--plush-doll--std--37cm--20250207/">pop-mart--the-monsters--labubu--lets-checkmate--plush-doll--std--37cm--20250207</a></li>\n' +
      '\n' +
      '  <li><a href="/archives/collectables/designer-toys/pop-mart/the-monsters/products/pop-mart--the-monsters--labubu--pronounce-be-fancy-now--plush--std--20240315/">pop-mart--the-monsters--labubu--pronounce-be-fancy-now--plush--std--20240315</a></li>\n' +
      '\n' +
      '  <li><a href="/archives/collectables/designer-toys/pop-mart/the-monsters/products/pop-mart--the-monsters--labubu--pronounce-wings-of-fantasy--plush--std--20241004/">pop-mart--the-monsters--labubu--pronounce-wings-of-fantasy--plus'... 3812 more characters
    
  code: 'ERR_ASSERTION'
  name: 'AssertionError'
  expected:
  actual: |-
    
    <!DOCTYPE html>
    <html lang="en" data-theme="dark" class="scroll-pt-16 dark">
    <head>
      <meta charset="UTF-8">
      <meta name="viewport" content="width=device-width, initial-scale=1.0">
      <title>POP MART — The Monsters | Effusion Labs</title>
    
      <meta name="color-scheme" content="dark light">
      <script>(function(){
      const storageKey = 'theme';
      const doc = document.documentElement;
      const stored = localStorage.getItem(storageKey);
      const meta = document.querySelector('meta[name="color-scheme"]') || (function(){
        const m = document.createElement('meta');
        m.name = 'color-scheme';
        document.head.appendChild(m);
        return m;
      })();
      let theme = stored;
      if (theme !== 'dark' && theme !== 'light') {
        theme = 'dark';
      }
      doc.dataset.theme = theme;
      doc.classList.toggle('dark', theme === 'dark');
      meta.content = theme === 'light' ? 'light dark' : 'dark light';
    })();
    </script>
    
      <link rel="stylesheet" href="/assets/css/app.css">
      <link rel="preconnect" href="https://fonts.googleapis.com">
      <link rel="preconnect" href="https://fonts.gstatic.com" crossorigin="">
      <link href="https://fonts.googleapis.com/css2?family=Bebas+Neue&family=Roboto:wght@400;700&display=swap" rel="stylesheet">
      <script src="/assets/js/lucide.min.js"></script>
    </head>
    
    <body class="bg-background text-text font-body leading-relaxed text-[17px]">
      <a href="#main" class="skip-link">Skip to main content</a>
      
    <header class="sticky top-0 z-40 w-full bg-base-100/90 backdrop-blur shadow">
      <div class="navbar mx-auto max-w-screen-2xl px-6">
        
    
        <!-- Brand -->
        <div class="flex-1">
          <a href="/" class="flex items-center gap-2 font-heading text-3xl text-primary">
            <i data-lucide="flask-conical" class="w-6 h-6" aria-hidden="true"></i>
            <span>EFFUSION LABS</span>
          </a>
        </div>
    
        <!-- Mobile nav (hidden on lg+) -->
        <div class="flex-none lg:hidden">
          <nav class="dropdown dropdown-end" aria-label="Primary navigation">
            <label tabindex="0" class="btn btn-ghost btn-square" aria-label="Open menu">
              <i data-lucide="menu" class="w-6 h-6" aria-hidden="true"></i>
            </label>
            <ul tabindex="0" class="menu menu-sm dropdown-content mt-3 z-[100] p-2 shadow bg-base-100 rounded-box w-56" role="menu">
              
              
                
        <li><a href="/">Showcase</a></li>
      
        <li><a href="/sparks/">Sparks</a></li>
      
        <li><a href="/concepts/">Concepts</a></li>
      
        <li><a href="/projects/">Projects</a></li>
      
        <li><a href="/archives/">Archives</a></li>
      
        <li><a href="/meta/">Meta</a></li>
      
        <li><a href="/map/">Map</a></li>
      
              
            </ul>
          </nav>
        </div>
    
        <!-- Right cluster: theme toggle + desktop nav -->
        <div class="flex-none flex items-center gap-2">
          <button id="theme-toggle" class="btn btn-ghost btn-square" aria-label="Switch to light theme" aria-pressed="true">
            <span class="sr-only">Toggle theme</span>
            <i data-lucide="sun" class="w-6 h-6 hidden" aria-hidden="true"></i>
            <i data-lucide="moon" class="w-6 h-6" aria-hidden="true"></i>
          </button>
    
          <!-- Desktop nav (shown on lg+) -->
          <nav class="hidden lg:flex" aria-label="Primary navigation">
            <ul class="menu menu-horizontal px-1">
              
                
        <li><a href="/" class="hover:text-primary">Showcase</a></li>
      
        <li><a href="/sparks/" class="hover:text-primary">Sparks</a></li>
      
        <li><a href="/concepts/" class="hover:text-primary">Concepts</a></li>
      
        <li><a href="/projects/" class="hover:text-primary">Projects</a></li>
      
        <li><a href="/archives/" class="hover:text-primary">Archives</a></li>
      
        <li><a href="/meta/" class="hover:text-primary">Meta</a></li>
      
        <li><a href="/map/" class="hover:text-primary">Map</a></li>
      
              
            </ul>
          </nav>
        </div>
      </div>
    </header>
    
    
      <div class="mx-auto max-w-screen-2xl px-6">
        
        
    
        <main id="main" class="
          xl:grid xl:gap-10 xl:grid-cols-[1fr_16rem]
           mt-12
        ">
          <article class="prose dark:prose-invert max-w-none m-0
             xl:col-span-1 
          ">
            
              <header class="mb-8">
                <h1 class="font-heading text-primary text-4xl tracking-wider">POP MART — The Monsters</h1>
              </header>
            
            <h1 class="text-2xl font-bold mb-4">POP MART — The Monsters</h1>
    <h2 class="text-xl font-semibold mt-4 mb-2">Products</h2>
    <ul>
    
      <li><a href="/archives/collectables/designer-toys/pop-mart/the-monsters/products/pop-mart--the-monsters--labubu--best-of-luck--plush--std--20231230--reg-cn/">pop-mart--the-monsters--labubu--best-of-luck--plush--std--20231230--reg-cn</a></li>
    
      <li><a href="/archives/collectables/designer-toys/pop-mart/the-monsters/products/pop-mart--the-monsters--labubu--big-into-energy--blind-box--single--20250425/">pop-mart--the-monsters--labubu--big-into-energy--blind-box--single--20250425</a></li>
    
      <li><a href="/archives/collectables/designer-toys/pop-mart/the-monsters/products/pop-mart--the-monsters--labubu--big-into-energy--blind-box-set--sealed--20250425/">pop-mart--the-monsters--labubu--big-into-energy--blind-box-set--sealed--20250425</a></li>
    
      <li><a href="/archives/collectables/designer-toys/pop-mart/the-monsters/products/pop-mart--the-monsters--labubu--coca-cola--blind-box--single--20250124/">pop-mart--the-monsters--labubu--coca-cola--blind-box--single--20250124</a></li>
    
      <li><a href="/archives/collectables/designer-toys/pop-mart/the-monsters/products/pop-mart--the-monsters--labubu--coca-cola--blind-box-set--sealed--20250124/">pop-mart--the-monsters--labubu--coca-cola--blind-box-set--sealed--20250124</a></li>
    
      <li><a href="/archives/collectables/designer-toys/pop-mart/the-monsters/products/pop-mart--the-monsters--labubu--dress-be-latte--plush--std--20231026/">pop-mart--the-monsters--labubu--dress-be-latte--plush--std--20231026</a></li>
    
      <li><a href="/archives/collectables/designer-toys/pop-mart/the-monsters/products/pop-mart--the-monsters--labubu--exciting-macaron--blind-box--single--20241027/">pop-mart--the-monsters--labubu--exciting-macaron--blind-box--single--20241027</a></li>
    
      <li><a href="/archives/collectables/designer-toys/pop-mart/the-monsters/products/pop-mart--the-monsters--labubu--exciting-macaron--blind-box-set--sealed--20241027/">pop-mart--the-monsters--labubu--exciting-macaron--blind-box-set--sealed--20241027</a></li>
    
      <li><a href="/archives/collectables/designer-toys/pop-mart/the-monsters/products/pop-mart--the-monsters--labubu--fall-in-wild--pendant--std--17cm--20240712/">pop-mart--the-monsters--labubu--fall-in-wild--pendant--std--17cm--20240712</a></li>
    
      <li><a href="/archives/collectables/designer-toys/pop-mart/the-monsters/products/pop-mart--the-monsters--labubu--fall-in-wild--plush-doll--std--40cm--20240712/">pop-mart--the-monsters--labubu--fall-in-wild--plush-doll--std--40cm--20240712</a></li>
    
      <li><a href="/archives/collectables/designer-toys/pop-mart/the-monsters/products/pop-mart--the-monsters--labubu--flip-with-me--plush--std--40cm--20240712/">pop-mart--the-monsters--labubu--flip-with-me--plush--std--40cm--20240712</a></li>
    
      <li><a href="/archives/collectables/designer-toys/pop-mart/the-monsters/products/pop-mart--the-monsters--labubu--forest-fairy-tale-china--figure--std--20250526--reg-cn/">pop-mart--the-monsters--labubu--forest-fairy-tale-china--figure--std--20250526--reg-cn</a></li>
    
      <li><a href="/archives/collectables/designer-toys/pop-mart/the-monsters/products/pop-mart--the-monsters--labubu--good-lucky-to-you-thailand--figure--std--20241220--reg-th/">pop-mart--the-monsters--labubu--good-lucky-to-you-thailand--figure--std--20241220--reg-th</a></li>
    
      <li><a href="/archives/collectables/designer-toys/pop-mart/the-monsters/products/pop-mart--the-monsters--labubu--happy-halloween-party-sitting-pumpkin--pendant--sitting-pumpkin--20241025/">pop-mart--the-monsters--labubu--happy-halloween-party-sitting-pumpkin--pendant--sitting-pumpkin--20241025</a></li>
    
      <li><a href="/archives/collectables/designer-toys/pop-mart/the-monsters/products/pop-mart--the-monsters--labubu--have-a-seat--blind-box--single--15cm--20240712/">pop-mart--the-monsters--labubu--have-a-seat--blind-box--single--15cm--20240712</a></li>
    
      <li><a href="/archives/collectables/designer-toys/pop-mart/the-monsters/products/pop-mart--the-monsters--labubu--have-a-seat--blind-box-set--sealed--15cm--20240712/">pop-mart--the-monsters--labubu--have-a-seat--blind-box-set--sealed--15cm--20240712</a></li>
    
      <li><a href="/archives/collectables/designer-toys/pop-mart/the-monsters/products/pop-mart--the-monsters--labubu--hide-and-seek-in-singapore--figure--std--17.5cm--reg-sg/">pop-mart--the-monsters--labubu--hide-and-seek-in-singapore--figure--std--17.5cm--reg-sg</a></li>
    
      <li><a href="/archives/collectables/designer-toys/pop-mart/the-monsters/products/pop-mart--the-monsters--labubu--jump-for-joy--plush--std--20230525/">pop-mart--the-monsters--labubu--jump-for-joy--plush--std--20230525</a></li>
    
      <li><a href="/archives/collectables/designer-toys/pop-mart/the-monsters/products/pop-mart--the-monsters--labubu--lets-checkmate--pendant--std--17cm--20250207/">pop-mart--the-monsters--labubu--lets-checkmate--pendant--std--17cm--20250207</a></li>
    
      <li><a href="/archives/collectables/designer-toys/pop-mart/the-monsters/products/pop-mart--the-monsters--labubu--lets-checkmate--plush-doll--std--37cm--20250207/">pop-mart--the-monsters--labubu--lets-checkmate--plush-doll--std--37cm--20250207</a></li>
    
      <li><a href="/archives/collectables/designer-toys/pop-mart/the-monsters/products/pop-mart--the-monsters--labubu--pronounce-be-fancy-now--plush--std--20240315/">pop-mart--the-monsters--labubu--pronounce-be-fancy-now--plush--std--20240315</a></li>
    
      <li><a href="/archives/collectables/designer-toys/pop-mart/the-monsters/products/pop-mart--the-monsters--labubu--pronounce-wings-of-fantasy--plush--std--20241004/">pop-mart--the-monsters--labubu--pronounce-wings-of-fantasy--plush--std--20241004</a></li>
    
      <li><a href="/archives/collectables/designer-toys/pop-mart/the-monsters/products/pop-mart--the-monsters--labubu--pronounce-wings-of-fortune--pendant--std--20241004/">pop-mart--the-monsters--labubu--pronounce-wings-of-fortune--pendant--std--20241004</a></li>
    
      <li><a href="/archives/collectables/designer-toys/pop-mart/the-monsters/products/pop-mart--the-monsters--labubu--time-to-chill--figure--std--20221031/">pop-mart--the-monsters--labubu--time-to-chill--figure--std--20221031</a></li>
    
      <li><a href="/archives/collectables/designer-toys/pop-mart/the-monsters/products/pop-mart--the-monsters--labubu--wacky-mart-china--figure--std--20250612--reg-cn/">pop-mart--the-monsters--labubu--wacky-mart-china--figure--std--20250612--reg-cn</a></li>
    
      <li><a href="/archives/collectables/designer-toys/pop-mart/the-monsters/products/pop-mart--the-monsters--labubu--walk-by-fortune--plush--std--20231229/">pop-mart--the-monsters--labubu--walk-by-fortune--plush--std--20231229</a></li>
    
      <li><a href="/archives/collectables/designer-toys/pop-mart/the-monsters/products/pop-mart--the-monsters--mokoko--blue-diamond--pendant--std--17cm--20240618/">pop-mart--the-monsters--mokoko--blue-diamond--pendant--std--17cm--20240618</a></li>
    
      <li><a href="/archives/collectables/designer-toys/pop-mart/the-monsters/products/pop-mart--the-monsters--mokoko--close-to-sweet-v1--pendant--std--17cm/">pop-mart--the-monsters--mokoko--close-to-sweet-v1--pendant--std--17cm</a></li>
    
      <li><a href="/archives/collectables/designer-toys/pop-mart/the-monsters/products/pop-mart--the-monsters--mokoko--close-to-sweet-v1--plush--std/">pop-mart--the-monsters--mokoko--close-to-sweet-v1--plush--std</a></li>
    
      <li><a href="/archives/collectables/designer-toys/pop-mart/the-monsters/products/pop-mart--the-monsters--mokoko--fall-into-spring--pendant--std--17cm--20240308/">pop-mart--the-monsters--mokoko--fall-into-spring--pendant--std--17cm--20240308</a></li>
    
      <li><a href="/archives/collectables/designer-toys/pop-mart/the-monsters/products/pop-mart--the-monsters--mokoko--fall-into-spring--plush--std--20240308/">pop-mart--the-monsters--mokoko--fall-into-spring--plush--std--20240308</a></li>
    
      <li><a href="/archives/collectables/designer-toys/pop-mart/the-monsters/products/pop-mart--the-monsters--mokoko--magic-of-pumpkin--pendant--std--17cm--20241027/">pop-mart--the-monsters--mokoko--magic-of-pumpkin--pendant--std--17cm--20241027</a></li>
    
      <li><a href="/archives/collectables/designer-toys/pop-mart/the-monsters/products/pop-mart--the-monsters--mokoko--twinkly-fairy-tale--pendant--std--17cm--20241128/">pop-mart--the-monsters--mokoko--twinkly-fairy-tale--pendant--std--17cm--20241128</a></li>
    
      <li><a href="/archives/collectables/designer-toys/pop-mart/the-monsters/products/pop-mart--the-monsters--zimomo--angel-in-clouds-v2--plush--std--58cm--20241025/">pop-mart--the-monsters--zimomo--angel-in-clouds-v2--plush--std--58cm--20241025</a></li>
    
      <li><a href="/archives/collectables/designer-toys/pop-mart/the-monsters/products/pop-mart--the-monsters--zimomo--i-found-you-v1--plush--std--58cm--20231215/">pop-mart--the-monsters--zimomo--i-found-you-v1--plush--std--58cm--20231215</a></li>
    
    </ul>
    
          </article>
    
          
        </main>
    
        <footer class="mt-16 p-8 text-center text-sm text-text/60 border-t border-border">
          <span class="block font-mono text-xs tracking-widest mb-2" data-build="2025-08-14T07:31:21.731Z">2025-08-14T07:31:21.731Z</span>
          &copy; 2025 Effusion Labs. A space for creative synthesis.
        </footer>
      </div>
    
      <script>lucide.createIcons();</script>
        <script src="/assets/js/theme-toggle.js" defer=""></script>
        <script src="/assets/js/footnote-nav.js" defer=""></script>
        <script src="/assets/js/code-copy.js" defer=""></script>
      </body>
    </html>
    
  operator: 'match'
  stack: |-
    TestContext.<anonymous> (file:///workspace/effusion-labs/tests/monsters-hub.spec.mjs:18:10)
    Test.runInAsyncScope (node:async_hooks:214:14)
    Test.run (node:internal/test_runner/test:1047:25)
    Test.start (node:internal/test_runner/test:944:17)
    startSubtestAfterBootstrap (node:internal/test_runner/harness:296:17)
  ...
1..1
# tests 1
# suites 0
# pass 0
# fail 1
# cancelled 0
# skipped 0
# todo 0
# duration_ms 6008.229595
