🗂  Archives loaded from "src/content/archives": 88 items (44 products, 4 characters, 40 series)
[11ty] Writing ./_site/concept-map.json from ./src/concept-map.json.njk
[11ty] Writing ./_site/feed.xml from ./src/feed.njk
[11ty] Writing ./_site/content/resume/index.html from ./src/content/resume.njk
[11ty] Writing ./_site/_redirects from ./src/redirects.11ty.js
[11ty] Writing ./_site/archives/collectables/designer-toys/pop-mart/the-monsters/products/pop-mart-the-monsters-labubu-fall-in-wild-plush-doll-std-40cm-20240712/index.html from ./src/archives/_dynamic/product-redirect-stubs.11ty.js
[11ty] Writing ./_site/archives/collectables/designer-toys/pop-mart/the-monsters/provenance/pop-mart-the-monsters-labubu-best-of-luck-plush-std-20231230-reg-cn.jsonl from ./src/archives/_dynamic/jsonl-download.11ty.js
[11ty] Writing ./_site/archives/collectables/designer-toys/pop-mart/the-monsters/products/pop-mart-the-monsters-labubu-best-of-luck-plush-std-20231230-reg-cn/index.html from ./src/archives/_dynamic/product-redirect-stubs.11ty.js
[11ty] Writing ./_site/archives/collectables/designer-toys/pop-mart/the-monsters/provenance/pop-mart-the-monsters-labubu-big-into-energy-blind-box-single-20250425.jsonl from ./src/archives/_dynamic/jsonl-download.11ty.js
[11ty] Writing ./_site/archives/collectables/designer-toys/pop-mart/the-monsters/products/pop-mart-the-monsters-labubu-big-into-energy-blind-box-single-20250425/index.html from ./src/archives/_dynamic/product-redirect-stubs.11ty.js
[11ty] Writing ./_site/archives/collectables/designer-toys/pop-mart/the-monsters/provenance/pop-mart-the-monsters-labubu-big-into-energy-blind-box-set-sealed-20250425.jsonl from ./src/archives/_dynamic/jsonl-download.11ty.js
[11ty] Writing ./_site/archives/collectables/designer-toys/pop-mart/the-monsters/products/pop-mart-the-monsters-labubu-big-into-energy-blind-box-set-sealed-20250425/index.html from ./src/archives/_dynamic/product-redirect-stubs.11ty.js
[11ty] Writing ./_site/archives/collectables/designer-toys/pop-mart/the-monsters/provenance/pop-mart-the-monsters-labubu-coca-cola-blind-box-single-20250124.jsonl from ./src/archives/_dynamic/jsonl-download.11ty.js
[11ty] Writing ./_site/archives/collectables/designer-toys/pop-mart/the-monsters/products/pop-mart-the-monsters-labubu-coca-cola-blind-box-single-20250124/index.html from ./src/archives/_dynamic/product-redirect-stubs.11ty.js
[11ty] Writing ./_site/archives/collectables/designer-toys/pop-mart/the-monsters/provenance/pop-mart-the-monsters-labubu-coca-cola-blind-box-set-sealed-20250124.jsonl from ./src/archives/_dynamic/jsonl-download.11ty.js
[11ty] Writing ./_site/archives/collectables/designer-toys/pop-mart/the-monsters/products/pop-mart-the-monsters-labubu-coca-cola-blind-box-set-sealed-20250124/index.html from ./src/archives/_dynamic/product-redirect-stubs.11ty.js
[11ty] Writing ./_site/archives/collectables/designer-toys/pop-mart/the-monsters/provenance/pop-mart-the-monsters-labubu-dress-be-latte-plush-std-20231026.jsonl from ./src/archives/_dynamic/jsonl-download.11ty.js
[11ty] Writing ./_site/archives/collectables/designer-toys/pop-mart/the-monsters/products/pop-mart-the-monsters-labubu-dress-be-latte-plush-std-20231026/index.html from ./src/archives/_dynamic/product-redirect-stubs.11ty.js
[11ty] Writing ./_site/archives/collectables/designer-toys/pop-mart/the-monsters/provenance/pop-mart-the-monsters-labubu-exciting-macaron-blind-box-single-20241027.jsonl from ./src/archives/_dynamic/jsonl-download.11ty.js
[11ty] Writing ./_site/archives/collectables/designer-toys/pop-mart/the-monsters/products/pop-mart-the-monsters-labubu-exciting-macaron-blind-box-single-20241027/index.html from ./src/archives/_dynamic/product-redirect-stubs.11ty.js
[11ty] Writing ./_site/archives/collectables/designer-toys/pop-mart/the-monsters/provenance/pop-mart-the-monsters-labubu-exciting-macaron-blind-box-set-sealed-20241027.jsonl from ./src/archives/_dynamic/jsonl-download.11ty.js
[11ty] Writing ./_site/archives/collectables/designer-toys/pop-mart/the-monsters/products/pop-mart-the-monsters-labubu-exciting-macaron-blind-box-set-sealed-20241027/index.html from ./src/archives/_dynamic/product-redirect-stubs.11ty.js
[11ty] Writing ./_site/archives/collectables/designer-toys/pop-mart/the-monsters/provenance/pop-mart-the-monsters-labubu-fall-in-wild-pendant-std-17cm-20240712.jsonl from ./src/archives/_dynamic/jsonl-download.11ty.js
[11ty] Writing ./_site/archives/collectables/designer-toys/pop-mart/the-monsters/products/pop-mart-the-monsters-labubu-exciting-macaron-v1-vinyl-face-blind-box-pendant/index.html from ./src/archives/_dynamic/product-redirect-stubs.11ty.js
[11ty] Writing ./_site/archives/collectables/designer-toys/pop-mart/the-monsters/provenance/pop-mart-the-monsters-labubu-fall-in-wild-plush-doll-std-40cm-20240712.jsonl from ./src/archives/_dynamic/jsonl-download.11ty.js
[11ty] Writing ./_site/archives/collectables/designer-toys/pop-mart/the-monsters/products/pop-mart-the-monsters-labubu-fall-in-wild-pendant-std-17cm-20240712/index.html from ./src/archives/_dynamic/product-redirect-stubs.11ty.js
[11ty] Writing ./_site/archives/collectables/designer-toys/pop-mart/the-monsters/provenance/pop-mart-the-monsters-labubu-flip-with-me-plush-std-40cm-20240712.jsonl from ./src/archives/_dynamic/jsonl-download.11ty.js
[11ty] Writing ./_site/archives/collectables/designer-toys/pop-mart/the-monsters/products/pop-mart-the-monsters-labubu-flip-with-me-plush-std-40cm-20240712/index.html from ./src/archives/_dynamic/product-redirect-stubs.11ty.js
[11ty] Writing ./_site/archives/collectables/designer-toys/pop-mart/the-monsters/provenance/pop-mart-the-monsters-labubu-forest-fairy-tale-china-figure-std-20250526-reg-cn.jsonl from ./src/archives/_dynamic/jsonl-download.11ty.js
[11ty] Writing ./_site/archives/collectables/designer-toys/pop-mart/the-monsters/products/pop-mart-the-monsters-labubu-forest-fairy-tale-china-figure-std-20250526-reg-cn/index.html from ./src/archives/_dynamic/product-redirect-stubs.11ty.js
[11ty] Writing ./_site/archives/collectables/designer-toys/pop-mart/the-monsters/provenance/pop-mart-the-monsters-labubu-good-lucky-to-you-thailand-figure-std-20241220-reg-th.jsonl from ./src/archives/_dynamic/jsonl-download.11ty.js
[11ty] Writing ./_site/archives/collectables/designer-toys/pop-mart/the-monsters/products/pop-mart-the-monsters-labubu-good-lucky-to-you-thailand-figure-std-20241220-reg-th/index.html from ./src/archives/_dynamic/product-redirect-stubs.11ty.js
[11ty] Writing ./_site/archives/collectables/designer-toys/pop-mart/the-monsters/provenance/pop-mart-the-monsters-labubu-happy-halloween-party-sitting-pumpkin-pendant-sitting-pumpkin-20241025.jsonl from ./src/archives/_dynamic/jsonl-download.11ty.js
[11ty] Writing ./_site/archives/collectables/designer-toys/pop-mart/the-monsters/products/pop-mart-the-monsters-labubu-happy-halloween-party-sitting-pumpkin-pendant-sitting-pumpkin-20241025/index.html from ./src/archives/_dynamic/product-redirect-stubs.11ty.js
[11ty] Writing ./_site/archives/collectables/designer-toys/pop-mart/the-monsters/provenance/pop-mart-the-monsters-labubu-have-a-seat-blind-box-single-15cm-20240712.jsonl from ./src/archives/_dynamic/jsonl-download.11ty.js
[11ty] Writing ./_site/archives/collectables/designer-toys/pop-mart/the-monsters/products/pop-mart-the-monsters-labubu-have-a-seat-blind-box-single-15cm-20240712/index.html from ./src/archives/_dynamic/product-redirect-stubs.11ty.js
[11ty] Writing ./_site/archives/collectables/designer-toys/pop-mart/the-monsters/provenance/pop-mart-the-monsters-labubu-have-a-seat-blind-box-set-sealed-15cm-20240712.jsonl from ./src/archives/_dynamic/jsonl-download.11ty.js
[11ty] Writing ./_site/archives/collectables/designer-toys/pop-mart/the-monsters/products/pop-mart-the-monsters-labubu-have-a-seat-blind-box-set-sealed-15cm-20240712/index.html from ./src/archives/_dynamic/product-redirect-stubs.11ty.js
[11ty] Writing ./_site/archives/collectables/designer-toys/pop-mart/the-monsters/provenance/pop-mart-the-monsters-labubu-hide-and-seek-in-singapore-figure-std-17.5cm-reg-sg.jsonl from ./src/archives/_dynamic/jsonl-download.11ty.js
[11ty] Writing ./_site/archives/collectables/designer-toys/pop-mart/the-monsters/products/pop-mart-the-monsters-labubu-hide-and-seek-in-singapore-figure-std-175cm-reg-sg/index.html from ./src/archives/_dynamic/product-redirect-stubs.11ty.js
[11ty] Writing ./_site/archives/collectables/designer-toys/pop-mart/the-monsters/provenance/pop-mart-the-monsters-labubu-jump-for-joy-plush-std-20230525.jsonl from ./src/archives/_dynamic/jsonl-download.11ty.js
[11ty] Writing ./_site/archives/collectables/designer-toys/pop-mart/the-monsters/products/pop-mart-the-monsters-labubu-jump-for-joy-plush-std-20230525/index.html from ./src/archives/_dynamic/product-redirect-stubs.11ty.js
[11ty] Writing ./_site/archives/collectables/designer-toys/pop-mart/the-monsters/provenance/pop-mart-the-monsters-labubu-lets-checkmate-pendant-std-17cm-20250207.jsonl from ./src/archives/_dynamic/jsonl-download.11ty.js
[11ty] Writing ./_site/archives/collectables/designer-toys/pop-mart/the-monsters/products/pop-mart-the-monsters-labubu-lets-checkmate-pendant-std-17cm-20250207/index.html from ./src/archives/_dynamic/product-redirect-stubs.11ty.js
[11ty] Writing ./_site/archives/collectables/designer-toys/pop-mart/the-monsters/provenance/pop-mart-the-monsters-labubu-lets-checkmate-plush-doll-std-37cm-20250207.jsonl from ./src/archives/_dynamic/jsonl-download.11ty.js
[11ty] Writing ./_site/archives/collectables/designer-toys/pop-mart/the-monsters/products/pop-mart-the-monsters-labubu-lets-checkmate-plush-doll-std-37cm-20250207/index.html from ./src/archives/_dynamic/product-redirect-stubs.11ty.js
[11ty] Writing ./_site/archives/collectables/designer-toys/pop-mart/the-monsters/provenance/pop-mart-the-monsters-labubu-pronounce-be-fancy-now-plush-std-20240315.jsonl from ./src/archives/_dynamic/jsonl-download.11ty.js
[11ty] Writing ./_site/archives/collectables/designer-toys/pop-mart/the-monsters/products/pop-mart-the-monsters-labubu-pronounce-be-fancy-now-plush-std-20240315/index.html from ./src/archives/_dynamic/product-redirect-stubs.11ty.js
[11ty] Writing ./_site/archives/collectables/designer-toys/pop-mart/the-monsters/provenance/pop-mart-the-monsters-labubu-pronounce-wings-of-fantasy-plush-std-20241004.jsonl from ./src/archives/_dynamic/jsonl-download.11ty.js
[11ty] Writing ./_site/archives/collectables/designer-toys/pop-mart/the-monsters/products/pop-mart-the-monsters-labubu-pronounce-wings-of-fantasy-plush-std-20241004/index.html from ./src/archives/_dynamic/product-redirect-stubs.11ty.js
[11ty] Writing ./_site/archives/collectables/designer-toys/pop-mart/the-monsters/provenance/pop-mart-the-monsters-labubu-pronounce-wings-of-fortune-pendant-std-20241004.jsonl from ./src/archives/_dynamic/jsonl-download.11ty.js
[11ty] Writing ./_site/archives/collectables/designer-toys/pop-mart/the-monsters/products/pop-mart-the-monsters-labubu-pronounce-wings-of-fortune-pendant-std-20241004/index.html from ./src/archives/_dynamic/product-redirect-stubs.11ty.js
[11ty] Writing ./_site/archives/collectables/designer-toys/pop-mart/the-monsters/provenance/pop-mart-the-monsters-labubu-time-to-chill-plush-std-20221031.jsonl from ./src/archives/_dynamic/jsonl-download.11ty.js
[11ty] Writing ./_site/archives/collectables/designer-toys/pop-mart/the-monsters/products/pop-mart-the-monsters-labubu-time-to-chill-plush-std-20221031/index.html from ./src/archives/_dynamic/product-redirect-stubs.11ty.js
[11ty] Writing ./_site/archives/collectables/designer-toys/pop-mart/the-monsters/provenance/pop-mart-the-monsters-labubu-wacky-mart-china-figure-std-20250612-reg-cn.jsonl from ./src/archives/_dynamic/jsonl-download.11ty.js
[11ty] Writing ./_site/archives/collectables/designer-toys/pop-mart/the-monsters/products/pop-mart-the-monsters-labubu-wacky-mart-china-figure-std-20250612-reg-cn/index.html from ./src/archives/_dynamic/product-redirect-stubs.11ty.js
[11ty] Writing ./_site/archives/collectables/designer-toys/pop-mart/the-monsters/provenance/pop-mart-the-monsters-labubu-walk-by-fortune-plush-std-20231229.jsonl from ./src/archives/_dynamic/jsonl-download.11ty.js
[11ty] Writing ./_site/archives/collectables/designer-toys/pop-mart/the-monsters/products/pop-mart-the-monsters-labubu-walk-by-fortune-plush-std-20231229/index.html from ./src/archives/_dynamic/product-redirect-stubs.11ty.js
[11ty] Writing ./_site/archives/collectables/designer-toys/pop-mart/the-monsters/provenance/pop-mart-the-monsters-mokoko-blue-diamond-pendant-std-17cm-20240618.jsonl from ./src/archives/_dynamic/jsonl-download.11ty.js
[11ty] Writing ./_site/archives/collectables/designer-toys/pop-mart/the-monsters/products/pop-mart-the-monsters-mokoko-blue-diamond-pendant-std-17cm-20240618/index.html from ./src/archives/_dynamic/product-redirect-stubs.11ty.js
[11ty] Writing ./_site/archives/collectables/designer-toys/pop-mart/the-monsters/provenance/pop-mart-the-monsters-mokoko-close-to-sweet-v1-pendant-std-17cm.jsonl from ./src/archives/_dynamic/jsonl-download.11ty.js
[11ty] Writing ./_site/archives/collectables/designer-toys/pop-mart/the-monsters/products/pop-mart-the-monsters-mokoko-close-to-sweet-v1-pendant-std-17cm/index.html from ./src/archives/_dynamic/product-redirect-stubs.11ty.js
[11ty] Writing ./_site/archives/collectables/designer-toys/pop-mart/the-monsters/provenance/pop-mart-the-monsters-mokoko-close-to-sweet-v1-plush-std.jsonl from ./src/archives/_dynamic/jsonl-download.11ty.js
[11ty] Writing ./_site/archives/collectables/designer-toys/pop-mart/the-monsters/products/pop-mart-the-monsters-mokoko-close-to-sweet-v1-plush-std/index.html from ./src/archives/_dynamic/product-redirect-stubs.11ty.js
[11ty] Writing ./_site/archives/collectables/designer-toys/pop-mart/the-monsters/provenance/pop-mart-the-monsters-mokoko-fall-into-spring-pendant-std-17cm-20240308.jsonl from ./src/archives/_dynamic/jsonl-download.11ty.js
[11ty] Writing ./_site/archives/collectables/designer-toys/pop-mart/the-monsters/products/pop-mart-the-monsters-mokoko-fall-into-spring-pendant-std-17cm-20240308/index.html from ./src/archives/_dynamic/product-redirect-stubs.11ty.js
[11ty] Writing ./_site/archives/collectables/designer-toys/pop-mart/the-monsters/provenance/pop-mart-the-monsters-mokoko-fall-into-spring-plush-std-20240308.jsonl from ./src/archives/_dynamic/jsonl-download.11ty.js
[11ty] Writing ./_site/archives/collectables/designer-toys/pop-mart/the-monsters/products/pop-mart-the-monsters-mokoko-fall-into-spring-plush-std-20240308/index.html from ./src/archives/_dynamic/product-redirect-stubs.11ty.js
[11ty] Writing ./_site/archives/collectables/designer-toys/pop-mart/the-monsters/provenance/pop-mart-the-monsters-mokoko-magic-of-pumpkin-pendant-std-17cm-20241027.jsonl from ./src/archives/_dynamic/jsonl-download.11ty.js
[11ty] Writing ./_site/archives/collectables/designer-toys/pop-mart/the-monsters/products/pop-mart-the-monsters-mokoko-magic-of-pumpkin-pendant-std-17cm-20241027/index.html from ./src/archives/_dynamic/product-redirect-stubs.11ty.js
[11ty] Writing ./_site/archives/collectables/designer-toys/pop-mart/the-monsters/provenance/pop-mart-the-monsters-mokoko-twinkly-fairy-tale-pendant-std-17cm-20241128.jsonl from ./src/archives/_dynamic/jsonl-download.11ty.js
[11ty] Writing ./_site/archives/collectables/designer-toys/pop-mart/the-monsters/products/pop-mart-the-monsters-mokoko-twinkly-fairy-tale-pendant-std-17cm-20241128/index.html from ./src/archives/_dynamic/product-redirect-stubs.11ty.js
[11ty] Writing ./_site/archives/collectables/designer-toys/pop-mart/the-monsters/provenance/pop-mart-the-monsters-zimomo-angel-in-clouds-v2-plush-std-58cm-20241025.jsonl from ./src/archives/_dynamic/jsonl-download.11ty.js
[11ty] Writing ./_site/archives/collectables/designer-toys/pop-mart/the-monsters/products/pop-mart-the-monsters-zimomo-angel-in-clouds-v2-plush-std-58cm-20241025/index.html from ./src/archives/_dynamic/product-redirect-stubs.11ty.js
[11ty] Writing ./_site/archives/collectables/designer-toys/pop-mart/the-monsters/provenance/pop-mart-the-monsters-zimomo-i-found-you-v1-plush-std-58cm-20231215.jsonl from ./src/archives/_dynamic/jsonl-download.11ty.js
[11ty] Writing ./_site/archives/collectables/designer-toys/pop-mart/the-monsters/products/pop-mart-the-monsters-zimomo-i-found-you-v1-plush-std-58cm-20231215/index.html from ./src/archives/_dynamic/product-redirect-stubs.11ty.js
[11ty] Writing ./_site/archives/collectables/designer-toys/pop-mart/the-monsters/products/pop-mart-the-monsters-pronounce-labubu-be-fancy-now/index.html from ./src/archives/_dynamic/product-redirect-stubs.11ty.js
[11ty] Writing ./_site/archives/collectables/designer-toys/pop-mart/the-monsters/products/pop-mart-the-monsters-x-coca-cola-labubu-zimomo-coca-cola/index.html from ./src/archives/_dynamic/product-redirect-stubs.11ty.js
[11ty] Writing ./_site/archives/collectables/designer-toys/pop-mart/the-monsters/products/lab014/index.html from ./src/archives/_dynamic/product-redirect-stubs.11ty.js
[11ty] Writing ./_site/archives/collectables/designer-toys/pop-mart/the-monsters/products/sku-1580/index.html from ./src/archives/_dynamic/product-redirect-stubs.11ty.js
[11ty] Writing ./_site/archives/collectables/designer-toys/pop-mart/the-monsters/products/sku-675-us-sku-1789-alternate/index.html from ./src/archives/_dynamic/product-redirect-stubs.11ty.js
[11ty] Writing ./_site/archives/collectables/designer-toys/pop-mart/the-monsters/products/lab006/index.html from ./src/archives/_dynamic/product-redirect-stubs.11ty.js
[11ty] Writing ./_site/archives/collectables/designer-toys/pop-mart/the-monsters/products/lab011/index.html from ./src/archives/_dynamic/product-redirect-stubs.11ty.js
[11ty] Writing ./_site/map/index.html from ./src/map.njk
[11ty] Writing ./_site/404.html from ./src/404.njk
[11ty] Writing ./_site/archives/index.html from ./src/archives/index.njk
[11ty] Writing ./_site/work/1/index.html from ./src/work/index.njk
[11ty] Writing ./_site/archives/character/labubu/index.html from ./src/archives/_dynamic/characters.njk
[11ty] Writing ./_site/archives/product/pop-mart-the-monsters-labubu-best-of-luck-plush/index.html from ./src/archives/_dynamic/products.njk
[11ty] Writing ./_site/archives/series/angel-in-clouds-v2/index.html from ./src/archives/_dynamic/series.njk
[11ty] Writing ./_site/archives/collectables/index.html from ./src/archives/collectables/index.njk
[11ty] Writing ./_site/archives/provenance/index.html from ./src/archives/provenance/index.njk
[11ty] Writing ./_site/meta/index.html from ./src/content/meta/index.njk
[11ty] Writing ./_site/archives/collectables/designer-toys/index.html from ./src/archives/collectables/designer-toys/index.njk
[11ty] Writing ./_site/archives/collectables/designer-toys/pop-mart/index.html from ./src/archives/collectables/designer-toys/pop-mart/index.njk
[11ty] Writing ./_site/archives/collectables/designer-toys/pop-mart/the-monsters/index.html from ./src/archives/collectables/designer-toys/pop-mart/the-monsters/index.njk
[11ty] Writing ./_site/index.html from ./src/index.njk
[11ty] Writing ./_site/work/index.html from ./src/work.njk
[11ty] Writing ./_site/archives/collectables/designer-toys/pop-mart/the-monsters/provenance/index.html from ./src/archives/_dynamic/jsonl-index.11ty.js
[11ty] Writing ./_site/archives/collectables/designer-toys/pop-mart/the-monsters/provenance/pop-mart-the-monsters-labubu-best-of-luck-plush-std-20231230-reg-cn/index.html from ./src/archives/_dynamic/jsonl-viewer.11ty.js
[11ty] Writing ./_site/content/concepts/aesthetic-inquiry/index.html from ./src/content/concepts/aesthetic-inquiry.md (njk)
[11ty] Writing ./_site/content/concepts/atlas-process/index.html from ./src/content/concepts/atlas-process.md (njk)
[11ty] Writing ./_site/content/concepts/autocatalytic-system/index.html from ./src/content/concepts/autocatalytic-system.md (njk)
[11ty] Writing ./_site/work/block-ledger/index.html from ./src/content/concepts/block-ledger.md (njk)
[11ty] Writing ./_site/content/concepts/compliant-spire/index.html from ./src/content/concepts/compliant-spire.md (njk)
[11ty] Writing ./_site/content/concepts/ghost-byline/index.html from ./src/content/concepts/ghost-byline.md (njk)
[11ty] Writing ./_site/content/concepts/ghost-engine/index.html from ./src/content/concepts/ghost-engine.md (njk)
[11ty] Writing ./_site/content/concepts/parroting-mimicry/index.html from ./src/content/concepts/parroting-mimicry.md (njk)
[11ty] Writing ./_site/content/concepts/readers-journey/index.html from ./src/content/concepts/readers-journey.md (njk)
[11ty] Writing ./_site/content/concepts/rhizomatic-protocol/index.html from ./src/content/concepts/rhizomatic-protocol.md (njk)
[11ty] Writing ./_site/content/concepts/three-studies-sensory/index.html from ./src/content/concepts/three-studies-sensory.md (njk)
[11ty] Writing ./_site/content/concepts/verification-is-an-ecology/index.html from ./src/content/concepts/verification-is-an-ecology.md (njk)
[11ty] Writing ./_site/content/concepts/workshop-weather/index.html from ./src/content/concepts/workshop-weather.md (njk)
[11ty] Writing ./_site/content/meta/a-b-curatorial-protocolist/index.html from ./src/content/meta/a-b-curatorial-protocolist.md (njk)
[11ty] Writing ./_site/content/meta/core-concept/index.html from ./src/content/meta/core-concept.md (njk)
[11ty] Writing ./_site/content/meta/curatorial-generativism/index.html from ./src/content/meta/curatorial-generativism.md (njk)
[11ty] Writing ./_site/content/meta/methodology/index.html from ./src/content/meta/methodology.md (njk)
[11ty] Writing ./_site/content/meta/protocolist/index.html from ./src/content/meta/protocolist.md (njk)
[11ty] Writing ./_site/content/meta/style-guide/index.html from ./src/content/meta/style-guide.md (njk)
[11ty] Writing ./_site/content/meta/unified-referencing-syntax/index.html from ./src/content/meta/unified-referencing-syntax.md (njk)
[11ty] Writing ./_site/content/projects/project-dandelion/index.html from ./src/content/projects/project-dandelion.md (njk)
[11ty] Writing ./_site/content/sparks/academic-blindness/index.html from ./src/content/sparks/academic-blindness.md (njk)
[11ty] Writing ./_site/content/sparks/breakfast-eggs/index.html from ./src/content/sparks/breakfast-eggs.md (njk)
[11ty] Writing ./_site/content/sparks/george-eastman-obscure/index.html from ./src/content/sparks/george-eastman-obscure.md (njk)
[11ty] Writing ./_site/content/sparks/illusion-japan-nicotine/index.html from ./src/content/sparks/illusion-japan-nicotine.md (njk)
[11ty] Writing ./_site/content/sparks/murakami-market-analysis-2025/index.html from ./src/content/sparks/murakami-market-analysis-2025.md (njk)
[11ty] Writing ./_site/content/sparks/paulin-paulin-paulin-marketing/index.html from ./src/content/sparks/paulin-paulin-paulin-marketing.md (njk)
[11ty] Writing ./_site/content/sparks/smoker-sysadmin/index.html from ./src/content/sparks/smoker-sysadmin.md (njk)
[11ty] Writing ./_site/content/sparks/vapor-linked-governance/index.html from ./src/content/sparks/vapor-linked-governance.md (njk)
[11ty] Writing ./_site/test/dynamic-archives/index.html from ./src/test/dynamic-archives.md (njk)
[11ty] Writing ./_site/work/drop/index.html from ./src/work/drop.11ty.js
[11ty] Writing ./_site/work/latest/index.html from ./src/work/latest.11ty.js
[11ty] Writing ./_site/concepts/index.html from ./src/content/concepts/index.njk
[11ty] Writing ./_site/projects/index.html from ./src/content/projects/index.njk
[11ty] Writing ./_site/sparks/index.html from ./src/content/sparks/index.njk
[11ty] Writing ./_site/work/2/index.html from ./src/work/index.njk
[11ty] Writing ./_site/archives/character/mokoko/index.html from ./src/archives/_dynamic/characters.njk
[11ty] Writing ./_site/archives/product/pop-mart-the-monsters-labubu-big-into-energy-blind-box-single/index.html from ./src/archives/_dynamic/products.njk
[11ty] Writing ./_site/archives/series/best-of-luck/index.html from ./src/archives/_dynamic/series.njk
[11ty] Writing ./_site/archives/collectables/designer-toys/pop-mart/the-monsters/provenance/pop-mart-the-monsters-labubu-big-into-energy-blind-box-single-20250425/index.html from ./src/archives/_dynamic/jsonl-viewer.11ty.js
[11ty] Writing ./_site/archives/character/zimomo/index.html from ./src/archives/_dynamic/characters.njk
[11ty] Writing ./_site/archives/product/pop-mart-the-monsters-labubu-big-into-energy-blind-box-set-sealed/index.html from ./src/archives/_dynamic/products.njk
[11ty] Writing ./_site/archives/series/big-into-energy/index.html from ./src/archives/_dynamic/series.njk
[11ty] Writing ./_site/archives/collectables/designer-toys/pop-mart/the-monsters/provenance/pop-mart-the-monsters-labubu-big-into-energy-blind-box-set-sealed-20250425/index.html from ./src/archives/_dynamic/jsonl-viewer.11ty.js
[11ty] Writing ./_site/archives/product/pop-mart-the-monsters-labubu-coca-cola-blind-box-single/index.html from ./src/archives/_dynamic/products.njk
[11ty] Writing ./_site/archives/series/blue-diamond/index.html from ./src/archives/_dynamic/series.njk
[11ty] Writing ./_site/archives/collectables/designer-toys/pop-mart/the-monsters/provenance/pop-mart-the-monsters-labubu-coca-cola-blind-box-single-20250124/index.html from ./src/archives/_dynamic/jsonl-viewer.11ty.js
[11ty] Writing ./_site/archives/product/pop-mart-the-monsters-labubu-coca-cola-blind-box-set-sealed/index.html from ./src/archives/_dynamic/products.njk
[11ty] Writing ./_site/archives/series/close-to-sweet-v1/index.html from ./src/archives/_dynamic/series.njk
[11ty] Writing ./_site/archives/collectables/designer-toys/pop-mart/the-monsters/provenance/pop-mart-the-monsters-labubu-coca-cola-blind-box-set-sealed-20250124/index.html from ./src/archives/_dynamic/jsonl-viewer.11ty.js
[11ty] Writing ./_site/archives/product/pop-mart-the-monsters-labubu-dress-be-latte-plush/index.html from ./src/archives/_dynamic/products.njk
[11ty] Writing ./_site/archives/series/coca-cola/index.html from ./src/archives/_dynamic/series.njk
[11ty] Writing ./_site/archives/collectables/designer-toys/pop-mart/the-monsters/provenance/pop-mart-the-monsters-labubu-dress-be-latte-plush-std-20231026/index.html from ./src/archives/_dynamic/jsonl-viewer.11ty.js
[11ty] Writing ./_site/archives/product/pop-mart-the-monsters-labubu-exciting-macaron-blind-box-single/index.html from ./src/archives/_dynamic/products.njk
[11ty] Writing ./_site/archives/series/dress-be-latte/index.html from ./src/archives/_dynamic/series.njk
[11ty] Writing ./_site/archives/collectables/designer-toys/pop-mart/the-monsters/provenance/pop-mart-the-monsters-labubu-exciting-macaron-blind-box-single-20241027/index.html from ./src/archives/_dynamic/jsonl-viewer.11ty.js
[11ty] Writing ./_site/archives/product/pop-mart-the-monsters-labubu-exciting-macaron-blind-box-set-sealed/index.html from ./src/archives/_dynamic/products.njk
[11ty] Writing ./_site/archives/series/exciting-macaron/index.html from ./src/archives/_dynamic/series.njk
[11ty] Writing ./_site/archives/collectables/designer-toys/pop-mart/the-monsters/provenance/pop-mart-the-monsters-labubu-exciting-macaron-blind-box-set-sealed-20241027/index.html from ./src/archives/_dynamic/jsonl-viewer.11ty.js
[11ty] Writing ./_site/archives/product/pop-mart-the-monsters-labubu-exciting-macaron-v1-vinyl-face-blind-box-pendant/index.html from ./src/archives/_dynamic/products.njk
[11ty] Writing ./_site/archives/series/fall-in-wild/index.html from ./src/archives/_dynamic/series.njk
[11ty] Writing ./_site/archives/collectables/designer-toys/pop-mart/the-monsters/provenance/pop-mart-the-monsters-labubu-fall-in-wild-pendant-std-17cm-20240712/index.html from ./src/archives/_dynamic/jsonl-viewer.11ty.js
[11ty] Writing ./_site/archives/product/pop-mart-the-monsters-labubu-fall-in-wild-pendant-17cm/index.html from ./src/archives/_dynamic/products.njk
[11ty] Writing ./_site/archives/series/fall-into-spring/index.html from ./src/archives/_dynamic/series.njk
[11ty] Writing ./_site/archives/collectables/designer-toys/pop-mart/the-monsters/provenance/pop-mart-the-monsters-labubu-fall-in-wild-plush-doll-std-40cm-20240712/index.html from ./src/archives/_dynamic/jsonl-viewer.11ty.js
[11ty] Writing ./_site/archives/product/pop-mart-the-monsters-labubu-fall-in-wild-plush-doll-40cm/index.html from ./src/archives/_dynamic/products.njk
[11ty] Writing ./_site/archives/series/flip-with-me/index.html from ./src/archives/_dynamic/series.njk
[11ty] Writing ./_site/archives/collectables/designer-toys/pop-mart/the-monsters/provenance/pop-mart-the-monsters-labubu-flip-with-me-plush-std-40cm-20240712/index.html from ./src/archives/_dynamic/jsonl-viewer.11ty.js
[11ty] Writing ./_site/archives/product/pop-mart-the-monsters-labubu-flip-with-me-plush-40cm/index.html from ./src/archives/_dynamic/products.njk
[11ty] Writing ./_site/archives/series/forest-fairy-tale-china/index.html from ./src/archives/_dynamic/series.njk
[11ty] Writing ./_site/archives/collectables/designer-toys/pop-mart/the-monsters/provenance/pop-mart-the-monsters-labubu-forest-fairy-tale-china-figure-std-20250526-reg-cn/index.html from ./src/archives/_dynamic/jsonl-viewer.11ty.js
[11ty] Writing ./_site/archives/product/pop-mart-the-monsters-labubu-forest-fairy-tale-china-figure/index.html from ./src/archives/_dynamic/products.njk
[11ty] Writing ./_site/archives/series/good-lucky-to-you-thailand/index.html from ./src/archives/_dynamic/series.njk
[11ty] Writing ./_site/archives/collectables/designer-toys/pop-mart/the-monsters/provenance/pop-mart-the-monsters-labubu-good-lucky-to-you-thailand-figure-std-20241220-reg-th/index.html from ./src/archives/_dynamic/jsonl-viewer.11ty.js
[11ty] Writing ./_site/archives/product/pop-mart-the-monsters-labubu-good-lucky-to-you-thailand-figure/index.html from ./src/archives/_dynamic/products.njk
[11ty] Writing ./_site/archives/series/happy-halloween-party-sitting-pumpkin/index.html from ./src/archives/_dynamic/series.njk
[11ty] Writing ./_site/archives/collectables/designer-toys/pop-mart/the-monsters/provenance/pop-mart-the-monsters-labubu-happy-halloween-party-sitting-pumpkin-pendant-sitting-pumpkin-20241025/index.html from ./src/archives/_dynamic/jsonl-viewer.11ty.js
[11ty] Writing ./_site/archives/product/pop-mart-the-monsters-labubu-happy-halloween-party-sitting-pumpkin-pendant-sitting-pumpkin/index.html from ./src/archives/_dynamic/products.njk
[11ty] Writing ./_site/archives/series/have-a-seat/index.html from ./src/archives/_dynamic/series.njk
[11ty] Writing ./_site/archives/collectables/designer-toys/pop-mart/the-monsters/provenance/pop-mart-the-monsters-labubu-have-a-seat-blind-box-single-15cm-20240712/index.html from ./src/archives/_dynamic/jsonl-viewer.11ty.js
[11ty] Writing ./_site/archives/product/pop-mart-the-monsters-labubu-have-a-seat-blind-box-single-15cm/index.html from ./src/archives/_dynamic/products.njk
[11ty] Writing ./_site/archives/series/hide-and-seek-in-singapore/index.html from ./src/archives/_dynamic/series.njk
[11ty] Writing ./_site/archives/collectables/designer-toys/pop-mart/the-monsters/provenance/pop-mart-the-monsters-labubu-have-a-seat-blind-box-set-sealed-15cm-20240712/index.html from ./src/archives/_dynamic/jsonl-viewer.11ty.js
[11ty] Writing ./_site/archives/product/pop-mart-the-monsters-labubu-have-a-seat-blind-box-set-sealed-15cm/index.html from ./src/archives/_dynamic/products.njk
[11ty] Writing ./_site/archives/series/i-found-you-v1/index.html from ./src/archives/_dynamic/series.njk
[11ty] Writing ./_site/archives/collectables/designer-toys/pop-mart/the-monsters/provenance/pop-mart-the-monsters-labubu-hide-and-seek-in-singapore-figure-std-17.5cm-reg-sg/index.html from ./src/archives/_dynamic/jsonl-viewer.11ty.js
[11ty] Writing ./_site/archives/product/pop-mart-the-monsters-labubu-hide-and-seek-in-singapore-figure-17.5cm/index.html from ./src/archives/_dynamic/products.njk
[11ty] Writing ./_site/archives/series/jump-for-joy/index.html from ./src/archives/_dynamic/series.njk
[11ty] Writing ./_site/archives/collectables/designer-toys/pop-mart/the-monsters/provenance/pop-mart-the-monsters-labubu-jump-for-joy-plush-std-20230525/index.html from ./src/archives/_dynamic/jsonl-viewer.11ty.js
[11ty] Writing ./_site/archives/product/pop-mart-the-monsters-labubu-jump-for-joy-plush/index.html from ./src/archives/_dynamic/products.njk
[11ty] Writing ./_site/archives/series/lets-checkmate/index.html from ./src/archives/_dynamic/series.njk
[11ty] Writing ./_site/archives/collectables/designer-toys/pop-mart/the-monsters/provenance/pop-mart-the-monsters-labubu-lets-checkmate-pendant-std-17cm-20250207/index.html from ./src/archives/_dynamic/jsonl-viewer.11ty.js
[11ty] Writing ./_site/archives/product/pop-mart-the-monsters-labubu-lets-checkmate-pendant-17cm/index.html from ./src/archives/_dynamic/products.njk
[11ty] Writing ./_site/archives/series/magic-of-pumpkin/index.html from ./src/archives/_dynamic/series.njk
[11ty] Writing ./_site/archives/collectables/designer-toys/pop-mart/the-monsters/provenance/pop-mart-the-monsters-labubu-lets-checkmate-plush-doll-std-37cm-20250207/index.html from ./src/archives/_dynamic/jsonl-viewer.11ty.js
[11ty] Writing ./_site/archives/product/pop-mart-the-monsters-labubu-lets-checkmate-plush-doll-37cm/index.html from ./src/archives/_dynamic/products.njk
[11ty] Writing ./_site/archives/series/pop-mart-the-monsters-labubu-exciting-macaron-v1/index.html from ./src/archives/_dynamic/series.njk
[11ty] Writing ./_site/archives/collectables/designer-toys/pop-mart/the-monsters/provenance/pop-mart-the-monsters-labubu-pronounce-be-fancy-now-plush-std-20240315/index.html from ./src/archives/_dynamic/jsonl-viewer.11ty.js
[11ty] Writing ./_site/archives/product/pop-mart-the-monsters-labubu-pronounce-be-fancy-now-plush/index.html from ./src/archives/_dynamic/products.njk
[11ty] Writing ./_site/archives/series/pop-mart-the-monsters-labubu-forest-fairy-tale/index.html from ./src/archives/_dynamic/series.njk
[11ty] Writing ./_site/archives/collectables/designer-toys/pop-mart/the-monsters/provenance/pop-mart-the-monsters-labubu-pronounce-wings-of-fantasy-plush-std-20241004/index.html from ./src/archives/_dynamic/jsonl-viewer.11ty.js
[11ty] Writing ./_site/archives/product/pop-mart-the-monsters-labubu-pronounce-wings-of-fantasy-plush/index.html from ./src/archives/_dynamic/products.njk
[11ty] Writing ./_site/archives/series/happy-halloween-party/index.html from ./src/archives/_dynamic/series.njk
[11ty] Writing ./_site/archives/collectables/designer-toys/pop-mart/the-monsters/provenance/pop-mart-the-monsters-labubu-pronounce-wings-of-fortune-pendant-std-20241004/index.html from ./src/archives/_dynamic/jsonl-viewer.11ty.js
[11ty] Writing ./_site/archives/product/pop-mart-the-monsters-labubu-pronounce-wings-of-fortune-pendant/index.html from ./src/archives/_dynamic/products.njk
[11ty] Writing ./_site/archives/series/lets-checkmate-doll/index.html from ./src/archives/_dynamic/series.njk
[11ty] Writing ./_site/archives/collectables/designer-toys/pop-mart/the-monsters/provenance/pop-mart-the-monsters-labubu-time-to-chill-plush-std-20221031/index.html from ./src/archives/_dynamic/jsonl-viewer.11ty.js
[11ty] Writing ./_site/archives/product/pop-mart-the-monsters-labubu-time-to-chill-plush/index.html from ./src/archives/_dynamic/products.njk
[11ty] Writing ./_site/archives/series/pop-mart-the-monsters-labubu-wacky-mart/index.html from ./src/archives/_dynamic/series.njk
[11ty] Writing ./_site/archives/collectables/designer-toys/pop-mart/the-monsters/provenance/pop-mart-the-monsters-labubu-wacky-mart-china-figure-std-20250612-reg-cn/index.html from ./src/archives/_dynamic/jsonl-viewer.11ty.js
[11ty] Writing ./_site/archives/product/pop-mart-the-monsters-labubu-wacky-mart-china-figure/index.html from ./src/archives/_dynamic/products.njk
[11ty] Writing ./_site/archives/series/walk-by-fortune-cny/index.html from ./src/archives/_dynamic/series.njk
[11ty] Writing ./_site/archives/collectables/designer-toys/pop-mart/the-monsters/provenance/pop-mart-the-monsters-labubu-walk-by-fortune-plush-std-20231229/index.html from ./src/archives/_dynamic/jsonl-viewer.11ty.js
[11ty] Writing ./_site/archives/product/pop-mart-the-monsters-labubu-walk-by-fortune-plush/index.html from ./src/archives/_dynamic/products.njk
[11ty] Writing ./_site/archives/series/pop-mart-the-monsters-mokoko-magic-of-pumpkin-halloween/index.html from ./src/archives/_dynamic/series.njk
[11ty] Writing ./_site/archives/collectables/designer-toys/pop-mart/the-monsters/provenance/pop-mart-the-monsters-mokoko-blue-diamond-pendant-std-17cm-20240618/index.html from ./src/archives/_dynamic/jsonl-viewer.11ty.js
[11ty] Writing ./_site/archives/product/pop-mart-the-monsters-mokoko-blue-diamond-pendant-17cm/index.html from ./src/archives/_dynamic/products.njk
[11ty] Writing ./_site/archives/series/pronounce-be-fancy-now/index.html from ./src/archives/_dynamic/series.njk
[11ty] Writing ./_site/archives/collectables/designer-toys/pop-mart/the-monsters/provenance/pop-mart-the-monsters-mokoko-close-to-sweet-v1-pendant-std-17cm/index.html from ./src/archives/_dynamic/jsonl-viewer.11ty.js
[11ty] Writing ./_site/archives/product/pop-mart-the-monsters-mokoko-close-to-sweet-v1-pendant-17cm/index.html from ./src/archives/_dynamic/products.njk
[11ty] Writing ./_site/archives/series/pronounce-wings-of-fantasy/index.html from ./src/archives/_dynamic/series.njk
[11ty] Writing ./_site/archives/collectables/designer-toys/pop-mart/the-monsters/provenance/pop-mart-the-monsters-mokoko-close-to-sweet-v1-plush-std/index.html from ./src/archives/_dynamic/jsonl-viewer.11ty.js
[11ty] Writing ./_site/archives/product/pop-mart-the-monsters-mokoko-close-to-sweet-v1-plush/index.html from ./src/archives/_dynamic/products.njk
[11ty] Writing ./_site/archives/series/pronounce-wings-of-fortune/index.html from ./src/archives/_dynamic/series.njk
[11ty] Writing ./_site/archives/collectables/designer-toys/pop-mart/the-monsters/provenance/pop-mart-the-monsters-mokoko-fall-into-spring-pendant-std-17cm-20240308/index.html from ./src/archives/_dynamic/jsonl-viewer.11ty.js
[11ty] Writing ./_site/archives/product/pop-mart-the-monsters-mokoko-fall-into-spring-pendant-17cm/index.html from ./src/archives/_dynamic/products.njk
[11ty] Writing ./_site/archives/series/time-to-chill/index.html from ./src/archives/_dynamic/series.njk
[11ty] Writing ./_site/archives/collectables/designer-toys/pop-mart/the-monsters/provenance/pop-mart-the-monsters-mokoko-fall-into-spring-plush-std-20240308/index.html from ./src/archives/_dynamic/jsonl-viewer.11ty.js
[11ty] Writing ./_site/archives/product/pop-mart-the-monsters-mokoko-fall-into-spring-plush/index.html from ./src/archives/_dynamic/products.njk
[11ty] Writing ./_site/archives/series/twinkly-fairy-tale/index.html from ./src/archives/_dynamic/series.njk
[11ty] Writing ./_site/archives/collectables/designer-toys/pop-mart/the-monsters/provenance/pop-mart-the-monsters-mokoko-magic-of-pumpkin-pendant-std-17cm-20241027/index.html from ./src/archives/_dynamic/jsonl-viewer.11ty.js
[11ty] Writing ./_site/archives/product/pop-mart-the-monsters-mokoko-magic-of-pumpkin-pendant-17cm/index.html from ./src/archives/_dynamic/products.njk
[11ty] Writing ./_site/archives/series/wacky-mart-china/index.html from ./src/archives/_dynamic/series.njk
[11ty] Writing ./_site/archives/collectables/designer-toys/pop-mart/the-monsters/provenance/pop-mart-the-monsters-mokoko-twinkly-fairy-tale-pendant-std-17cm-20241128/index.html from ./src/archives/_dynamic/jsonl-viewer.11ty.js
[11ty] Writing ./_site/archives/product/pop-mart-the-monsters-mokoko-twinkly-fairy-tale-pendant-17cm/index.html from ./src/archives/_dynamic/products.njk
[11ty] Writing ./_site/archives/series/walk-by-fortune/index.html from ./src/archives/_dynamic/series.njk
[11ty] Writing ./_site/archives/collectables/designer-toys/pop-mart/the-monsters/provenance/pop-mart-the-monsters-zimomo-angel-in-clouds-v2-plush-std-58cm-20241025/index.html from ./src/archives/_dynamic/jsonl-viewer.11ty.js
[11ty] Writing ./_site/archives/product/pop-mart-the-monsters-zimomo-angel-in-clouds-v2-plush-58cm/index.html from ./src/archives/_dynamic/products.njk
[11ty] Writing ./_site/archives/collectables/designer-toys/pop-mart/the-monsters/provenance/pop-mart-the-monsters-zimomo-i-found-you-v1-plush-std-58cm-20231215/index.html from ./src/archives/_dynamic/jsonl-viewer.11ty.js
[11ty] Writing ./_site/archives/product/pop-mart-the-monsters-zimomo-i-found-you-v1-plush-58cm/index.html from ./src/archives/_dynamic/products.njk
[11ty] Writing ./_site/archives/product/pop-mart-the-monsters-pronounce-labubu-be-fancy-now/index.html from ./src/archives/_dynamic/products.njk
[11ty] Writing ./_site/archives/product/pop-mart-the-monsters-x-coca-cola-labubu-zimomo-coca-cola/index.html from ./src/archives/_dynamic/products.njk
[11ty] Writing ./_site/archives/product/lab014/index.html from ./src/archives/_dynamic/products.njk
[11ty] Writing ./_site/archives/product/sku-1580/index.html from ./src/archives/_dynamic/products.njk
[11ty] Writing ./_site/archives/product/sku-675-us-sku-1789-alternate/index.html from ./src/archives/_dynamic/products.njk
[11ty] Writing ./_site/archives/product/lab006/index.html from ./src/archives/_dynamic/products.njk
[11ty] Writing ./_site/archives/product/lab011/index.html from ./src/archives/_dynamic/products.njk
[11ty] Copied 25 Wrote 246 files in 6.59 seconds (26.8ms each, v3.1.2)
