npm warn Unknown env config "http-proxy". This will stop working in the next major version of npm.
npm warn EBADENGINE Unsupported engine {
npm warn EBADENGINE   package: 'effusion_labs_final@1.0.0',
npm warn EBADENGINE   required: { node: '>=24' },
npm warn EBADENGINE   current: { node: 'v22.18.0', npm: '11.4.2' }
npm warn EBADENGINE }
npm warn deprecated inflight@1.0.6: This module is not supported, and leaks memory. Do not use it. Check out lru-cache if you want a good and tested way to coalesce async requests by a key value, which is much more comprehensive and powerful.
npm warn deprecated rimraf@2.7.1: Rimraf versions prior to v4 are no longer supported
npm warn deprecated har-validator@5.1.5: this library is no longer supported
npm warn deprecated glob@7.2.3: Glob versions prior to v9 are no longer supported
npm warn deprecated uuid@3.4.0: Please upgrade  to version 7 or higher.  Older versions may use Math.random() in certain circumstances, which is known to be problematic.  See https://v8.dev/blog/math-random for details.
npm warn deprecated request@2.88.2: request has been deprecated, see https://github.com/request/request/issues/3142

> effusion_labs_final@1.0.0 postinstall
> patch-package

patch-package 8.0.0
Applying patches...
@photogabble/eleventy-plugin-interlinker@1.1.0 ✔

added 927 packages, and audited 928 packages in 11s

203 packages are looking for funding
  run `npm fund` for details

15 vulnerabilities (4 low, 4 moderate, 3 high, 4 critical)

To address issues that do not require attention, run:
  npm audit fix

Some issues need review, and may require choosing
a different dependency.

Run `npm audit` for details.
