npm warn Unknown env config "http-proxy". This will stop working in the next major version of npm.
🗂  Archives loaded from "src/content/archives": 88 items (44 products, 4 characters, 40 series)
[11ty] Problem writing Eleventy templates:
[11ty] document.match is not a function (via TypeError)
[11ty] 
[11ty] Original error stack trace: TypeError: document.match is not a function
[11ty]     at WikilinkParser.find (file:///workspace/effusion-labs/node_modules/@photogabble/eleventy-plugin-interlinker/src/wikilink-parser.js:162:17)
[11ty]     at Interlinker.compute (file:///workspace/effusion-labs/node_modules/@photogabble/eleventy-plugin-interlinker/src/interlinker.js:70:32)
[11ty]     at process.processTicksAndRejections (node:internal/process/task_queues:105:5)
[11ty]     at async ComputedData._setupDataEntry (file:///workspace/effusion-labs/node_modules/@11ty/eleventy/src/Data/ComputedData.js:96:15)
[11ty]     at async ComputedData.processRemainingData (file:///workspace/effusion-labs/node_modules/@11ty/eleventy/src/Data/ComputedData.js:117:3)
[11ty]     at async Promise.all (index 17)
[11ty]     at async TemplateMap.cache (file:///workspace/effusion-labs/node_modules/@11ty/eleventy/src/TemplateMap.js:275:3)
[11ty]     at async TemplateWriter._createTemplateMap (file:///workspace/effusion-labs/node_modules/@11ty/eleventy/src/TemplateWriter.js:352:3)
[11ty]     at async TemplateWriter.generateTemplates (file:///workspace/effusion-labs/node_modules/@11ty/eleventy/src/TemplateWriter.js:382:3)
[11ty]     at async TemplateWriter.write (file:///workspace/effusion-labs/node_modules/@11ty/eleventy/src/TemplateWriter.js:430:38)
[11ty] Copied 10 Wrote 0 files in 3.62 seconds (v3.1.2)
[11ty] Eleventy Fatal Error (CLI):
[11ty] document.match is not a function (via TypeError)
[11ty] 
[11ty] Original error stack trace: TypeError: document.match is not a function
[11ty]     at WikilinkParser.find (file:///workspace/effusion-labs/node_modules/@photogabble/eleventy-plugin-interlinker/src/wikilink-parser.js:162:17)
[11ty]     at Interlinker.compute (file:///workspace/effusion-labs/node_modules/@photogabble/eleventy-plugin-interlinker/src/interlinker.js:70:32)
[11ty]     at process.processTicksAndRejections (node:internal/process/task_queues:105:5)
[11ty]     at async ComputedData._setupDataEntry (file:///workspace/effusion-labs/node_modules/@11ty/eleventy/src/Data/ComputedData.js:96:15)
[11ty]     at async ComputedData.processRemainingData (file:///workspace/effusion-labs/node_modules/@11ty/eleventy/src/Data/ComputedData.js:117:3)
[11ty]     at async Promise.all (index 17)
[11ty]     at async TemplateMap.cache (file:///workspace/effusion-labs/node_modules/@11ty/eleventy/src/TemplateMap.js:275:3)
[11ty]     at async TemplateWriter._createTemplateMap (file:///workspace/effusion-labs/node_modules/@11ty/eleventy/src/TemplateWriter.js:352:3)
[11ty]     at async TemplateWriter.generateTemplates (file:///workspace/effusion-labs/node_modules/@11ty/eleventy/src/TemplateWriter.js:382:3)
[11ty]     at async TemplateWriter.write (file:///workspace/effusion-labs/node_modules/@11ty/eleventy/src/TemplateWriter.js:430:38)
