
> effusion_labs_final@1.0.0 test
> c8 --reporter=text-summary --reporter=lcov node tools/runner.mjs

[@photogabble/wikilinks] WARNING Wikilink (/archives/collectables/designer-toys/pop-mart/the-monsters/products/{{ p.data.product_id }}/) found pointing to to non-existent page in:
	- ./src/content/sparks/vapor-linked-governance.md
[@photogabble/wikilinks] WARNING Wikilink (/archives/collectables/designer-toys/pop-mart/the-monsters/characters/{{ c.data.slug }}/) found pointing to to non-existent page in:
	- ./src/content/sparks/vapor-linked-governance.md
[@photogabble/wikilinks] WARNING Wikilink ([[node-handle]]) found pointing to to non-existent page in:
	- ./src/content/sparks/vapor-linked-governance.md
[@photogabble/wikilinks] WARNING Wikilink ([[bracketed-handle]]) found pointing to to non-existent page in:
	- ./src/content/sparks/vapor-linked-governance.md
[11ty] Copied 76 Wrote 112 files in 3.08 seconds (27.5ms each, v3.1.2)
[32m✔ archive nav exposes child counts [90m(3092.209812ms)[39m[39m
[@photogabble/wikilinks] WARNING Wikilink (/archives/collectables/designer-toys/pop-mart/the-monsters/products/{{ p.data.product_id }}/) found pointing to to non-existent page in:
	- ./src/content/sparks/vapor-linked-governance.md
[@photogabble/wikilinks] WARNING Wikilink (/archives/collectables/designer-toys/pop-mart/the-monsters/characters/{{ c.data.slug }}/) found pointing to to non-existent page in:
	- ./src/content/sparks/vapor-linked-governance.md
[@photogabble/wikilinks] WARNING Wikilink ([[node-handle]]) found pointing to to non-existent page in:
	- ./src/content/sparks/vapor-linked-governance.md
[@photogabble/wikilinks] WARNING Wikilink ([[bracketed-handle]]) found pointing to to non-existent page in:
	- ./src/content/sparks/vapor-linked-governance.md
[11ty] Copied 76 Wrote 112 files in 3.11 seconds (27.8ms each, v3.1.2)
[32m✔ layout exposes build timestamp [90m(3129.218069ms)[39m[39m
[@photogabble/wikilinks] WARNING Wikilink (/archives/collectables/designer-toys/pop-mart/the-monsters/products/{{ p.data.product_id }}/) found pointing to to non-existent page in:
	- ./src/content/sparks/vapor-linked-governance.md
[@photogabble/wikilinks] WARNING Wikilink (/archives/collectables/designer-toys/pop-mart/the-monsters/characters/{{ c.data.slug }}/) found pointing to to non-existent page in:
	- ./src/content/sparks/vapor-linked-governance.md
[@photogabble/wikilinks] WARNING Wikilink ([[node-handle]]) found pointing to to non-existent page in:
	- ./src/content/sparks/vapor-linked-governance.md
[@photogabble/wikilinks] WARNING Wikilink ([[bracketed-handle]]) found pointing to to non-existent page in:
	- ./src/content/sparks/vapor-linked-governance.md
[11ty] Copied 76 Wrote 112 files in 2.76 seconds (24.6ms each, v3.1.2)
[32m✔ code blocks expose copy control [90m(2957.32823ms)[39m[39m
[@photogabble/wikilinks] WARNING Wikilink (/archives/collectables/designer-toys/pop-mart/the-monsters/products/{{ p.data.product_id }}/) found pointing to to non-existent page in:
	- ./src/content/sparks/vapor-linked-governance.md
[@photogabble/wikilinks] WARNING Wikilink (/archives/collectables/designer-toys/pop-mart/the-monsters/characters/{{ c.data.slug }}/) found pointing to to non-existent page in:
	- ./src/content/sparks/vapor-linked-governance.md
[@photogabble/wikilinks] WARNING Wikilink ([[node-handle]]) found pointing to to non-existent page in:
	- ./src/content/sparks/vapor-linked-governance.md
[@photogabble/wikilinks] WARNING Wikilink ([[bracketed-handle]]) found pointing to to non-existent page in:
	- ./src/content/sparks/vapor-linked-governance.md
[11ty] Copied 76 Wrote 112 files in 3.17 seconds (28.3ms each, v3.1.2)
[32m✔ collection pages expose section metadata [90m(3190.152093ms)[39m[39m
[32m✔ concept map JSON-LD export generates @context and @graph [90m(2.663923ms)[39m[39m
[@photogabble/wikilinks] WARNING Wikilink (/archives/collectables/designer-toys/pop-mart/the-monsters/products/{{ p.data.product_id }}/) found pointing to to non-existent page in:
	- ./src/content/sparks/vapor-linked-governance.md
[@photogabble/wikilinks] WARNING Wikilink (/archives/collectables/designer-toys/pop-mart/the-monsters/characters/{{ c.data.slug }}/) found pointing to to non-existent page in:
	- ./src/content/sparks/vapor-linked-governance.md
[@photogabble/wikilinks] WARNING Wikilink ([[node-handle]]) found pointing to to non-existent page in:
	- ./src/content/sparks/vapor-linked-governance.md
[@photogabble/wikilinks] WARNING Wikilink ([[bracketed-handle]]) found pointing to to non-existent page in:
	- ./src/content/sparks/vapor-linked-governance.md
[11ty] Copied 76 Wrote 112 files in 3.11 seconds (27.7ms each, v3.1.2)
[32m✔ feed exposes build metadata [90m(3122.548179ms)[39m[39m
[@photogabble/wikilinks] WARNING Wikilink (/archives/collectables/designer-toys/pop-mart/the-monsters/products/{{ p.data.product_id }}/) found pointing to to non-existent page in:
	- ./src/content/sparks/vapor-linked-governance.md
[@photogabble/wikilinks] WARNING Wikilink (/archives/collectables/designer-toys/pop-mart/the-monsters/characters/{{ c.data.slug }}/) found pointing to to non-existent page in:
	- ./src/content/sparks/vapor-linked-governance.md
[@photogabble/wikilinks] WARNING Wikilink ([[node-handle]]) found pointing to to non-existent page in:
	- ./src/content/sparks/vapor-linked-governance.md
[@photogabble/wikilinks] WARNING Wikilink ([[bracketed-handle]]) found pointing to to non-existent page in:
	- ./src/content/sparks/vapor-linked-governance.md
[11ty] Copied 76 Wrote 112 files in 3.25 seconds (29.1ms each, v3.1.2)
[32m✔ home page header includes primary nav landmark [90m(3267.724373ms)[39m[39m
[@photogabble/wikilinks] WARNING Wikilink (/archives/collectables/designer-toys/pop-mart/the-monsters/products/{{ p.data.product_id }}/) found pointing to to non-existent page in:
	- ./src/content/sparks/vapor-linked-governance.md
[@photogabble/wikilinks] WARNING Wikilink (/archives/collectables/designer-toys/pop-mart/the-monsters/characters/{{ c.data.slug }}/) found pointing to to non-existent page in:
	- ./src/content/sparks/vapor-linked-governance.md
[@photogabble/wikilinks] WARNING Wikilink ([[node-handle]]) found pointing to to non-existent page in:
	- ./src/content/sparks/vapor-linked-governance.md
[@photogabble/wikilinks] WARNING Wikilink ([[bracketed-handle]]) found pointing to to non-existent page in:
	- ./src/content/sparks/vapor-linked-governance.md
[11ty] Copied 76 Wrote 112 files in 2.67 seconds (23.8ms each, v3.1.2)
[32m✔ homepage lists latest entries per section [90m(2799.753595ms)[39m[39m
[@photogabble/wikilinks] WARNING Wikilink (/archives/collectables/designer-toys/pop-mart/the-monsters/products/{{ p.data.product_id }}/) found pointing to to non-existent page in:
	- ./src/content/sparks/vapor-linked-governance.md
[@photogabble/wikilinks] WARNING Wikilink (/archives/collectables/designer-toys/pop-mart/the-monsters/characters/{{ c.data.slug }}/) found pointing to to non-existent page in:
	- ./src/content/sparks/vapor-linked-governance.md
[@photogabble/wikilinks] WARNING Wikilink ([[node-handle]]) found pointing to to non-existent page in:
	- ./src/content/sparks/vapor-linked-governance.md
[@photogabble/wikilinks] WARNING Wikilink ([[bracketed-handle]]) found pointing to to non-existent page in:
	- ./src/content/sparks/vapor-linked-governance.md
[11ty] Copied 76 Wrote 112 files in 2.74 seconds (24.5ms each, v3.1.2)
[32m✔ homepage hero and sections [90m(2949.17757ms)[39m[39m
[@photogabble/wikilinks] WARNING Wikilink (/archives/collectables/designer-toys/pop-mart/the-monsters/products/{{ p.data.product_id }}/) found pointing to to non-existent page in:
	- ./src/content/sparks/vapor-linked-governance.md
[@photogabble/wikilinks] WARNING Wikilink (/archives/collectables/designer-toys/pop-mart/the-monsters/characters/{{ c.data.slug }}/) found pointing to to non-existent page in:
	- ./src/content/sparks/vapor-linked-governance.md
[@photogabble/wikilinks] WARNING Wikilink ([[node-handle]]) found pointing to to non-existent page in:
	- ./src/content/sparks/vapor-linked-governance.md
[@photogabble/wikilinks] WARNING Wikilink ([[bracketed-handle]]) found pointing to to non-existent page in:
	- ./src/content/sparks/vapor-linked-governance.md
[11ty] Copied 76 Wrote 112 files in 3.58 seconds (31.9ms each, v3.1.2)
[32m✔ transformed images have slugified filenames [90m(3592.188737ms)[39m[39m
[@photogabble/wikilinks] WARNING Wikilink (/archives/collectables/designer-toys/pop-mart/the-monsters/products/{{ p.data.product_id }}/) found pointing to to non-existent page in:
	- ./src/content/sparks/vapor-linked-governance.md
[@photogabble/wikilinks] WARNING Wikilink (/archives/collectables/designer-toys/pop-mart/the-monsters/characters/{{ c.data.slug }}/) found pointing to to non-existent page in:
	- ./src/content/sparks/vapor-linked-governance.md
[@photogabble/wikilinks] WARNING Wikilink ([[node-handle]]) found pointing to to non-existent page in:
	- ./src/content/sparks/vapor-linked-governance.md
[@photogabble/wikilinks] WARNING Wikilink ([[bracketed-handle]]) found pointing to to non-existent page in:
	- ./src/content/sparks/vapor-linked-governance.md
[11ty] Benchmark    282ms   9%   112× (Configuration) "@11ty/eleventy/html-transformer" Transform
[11ty] Copied 76 Wrote 112 files in 3.14 seconds (28.1ms each, v3.1.2)
[31m✖ logo image transforms to avif and webp [90m(3310.814501ms)[39m[39m
[@photogabble/wikilinks] WARNING Wikilink (/archives/collectables/designer-toys/pop-mart/the-monsters/products/{{ p.data.product_id }}/) found pointing to to non-existent page in:
	- ./src/content/sparks/vapor-linked-governance.md
[@photogabble/wikilinks] WARNING Wikilink (/archives/collectables/designer-toys/pop-mart/the-monsters/characters/{{ c.data.slug }}/) found pointing to to non-existent page in:
	- ./src/content/sparks/vapor-linked-governance.md
[@photogabble/wikilinks] WARNING Wikilink ([[node-handle]]) found pointing to to non-existent page in:
	- ./src/content/sparks/vapor-linked-governance.md
[@photogabble/wikilinks] WARNING Wikilink ([[bracketed-handle]]) found pointing to to non-existent page in:
	- ./src/content/sparks/vapor-linked-governance.md
[11ty] Copied 76 Wrote 112 files in 3.14 seconds (28.0ms each, v3.1.2)
[32m✔ markdown headings include anchor ids [90m(3152.644111ms)[39m[39m
[@photogabble/wikilinks] WARNING Wikilink (/archives/collectables/designer-toys/pop-mart/the-monsters/products/{{ p.data.product_id }}/) found pointing to to non-existent page in:
	- ./src/content/sparks/vapor-linked-governance.md
[@photogabble/wikilinks] WARNING Wikilink (/archives/collectables/designer-toys/pop-mart/the-monsters/characters/{{ c.data.slug }}/) found pointing to to non-existent page in:
	- ./src/content/sparks/vapor-linked-governance.md
[@photogabble/wikilinks] WARNING Wikilink ([[node-handle]]) found pointing to to non-existent page in:
	- ./src/content/sparks/vapor-linked-governance.md
[@photogabble/wikilinks] WARNING Wikilink ([[bracketed-handle]]) found pointing to to non-existent page in:
	- ./src/content/sparks/vapor-linked-governance.md
[11ty] Copied 76 Wrote 112 files in 3.04 seconds (27.2ms each, v3.1.2)
[32m✔ monsters hub lists products and cross-links product and character pages [90m(3058.302117ms)[39m[39m
[@photogabble/wikilinks] WARNING Wikilink (/archives/collectables/designer-toys/pop-mart/the-monsters/products/{{ p.data.product_id }}/) found pointing to to non-existent page in:
	- ./src/content/sparks/vapor-linked-governance.md
[@photogabble/wikilinks] WARNING Wikilink (/archives/collectables/designer-toys/pop-mart/the-monsters/characters/{{ c.data.slug }}/) found pointing to to non-existent page in:
	- ./src/content/sparks/vapor-linked-governance.md
[@photogabble/wikilinks] WARNING Wikilink ([[node-handle]]) found pointing to to non-existent page in:
	- ./src/content/sparks/vapor-linked-governance.md
[@photogabble/wikilinks] WARNING Wikilink ([[bracketed-handle]]) found pointing to to non-existent page in:
	- ./src/content/sparks/vapor-linked-governance.md
[11ty] Copied 76 Wrote 112 files in 3.36 seconds (30.0ms each, v3.1.2)
[32m✔ main nav marks current page and is labelled [90m(3378.181532ms)[39m[39m
[32m✔ navigation items are sequentially ordered [90m(1.26015ms)[39m[39m
[@photogabble/wikilinks] WARNING Wikilink (/archives/collectables/designer-toys/pop-mart/the-monsters/products/{{ p.data.product_id }}/) found pointing to to non-existent page in:
	- ./src/content/sparks/vapor-linked-governance.md
[@photogabble/wikilinks] WARNING Wikilink (/archives/collectables/designer-toys/pop-mart/the-monsters/characters/{{ c.data.slug }}/) found pointing to to non-existent page in:
	- ./src/content/sparks/vapor-linked-governance.md
[@photogabble/wikilinks] WARNING Wikilink ([[node-handle]]) found pointing to to non-existent page in:
	- ./src/content/sparks/vapor-linked-governance.md
[@photogabble/wikilinks] WARNING Wikilink ([[bracketed-handle]]) found pointing to to non-existent page in:
	- ./src/content/sparks/vapor-linked-governance.md
[11ty] Copied 76 Wrote 112 files in 3.40 seconds (30.3ms each, v3.1.2)
[32m✔ buildLean sets env and output directory [90m(3414.64004ms)[39m[39m
[@photogabble/wikilinks] WARNING Wikilink (/archives/collectables/designer-toys/pop-mart/the-monsters/products/{{ p.data.product_id }}/) found pointing to to non-existent page in:
	- ./src/content/sparks/vapor-linked-governance.md
[@photogabble/wikilinks] WARNING Wikilink (/archives/collectables/designer-toys/pop-mart/the-monsters/characters/{{ c.data.slug }}/) found pointing to to non-existent page in:
	- ./src/content/sparks/vapor-linked-governance.md
[@photogabble/wikilinks] WARNING Wikilink ([[node-handle]]) found pointing to to non-existent page in:
	- ./src/content/sparks/vapor-linked-governance.md
[@photogabble/wikilinks] WARNING Wikilink ([[bracketed-handle]]) found pointing to to non-existent page in:
	- ./src/content/sparks/vapor-linked-governance.md
[11ty] Copied 76 Wrote 112 files in 3.25 seconds (29.0ms each, v3.1.2)
[32m✔ spark listings reveal status text [90m(3268.028017ms)[39m[39m
[32m✔ docs:links reports no broken links [90m(1097.69384ms)[39m[39m
[32m✔ package-lock.json defines lockfileVersion [90m(4.750343ms)[39m[39m
[32m✔ projects computed picks latest entries by date [90m(2.259692ms)[39m[39m
[32m✔ devDependencies omit @vscode/ripgrep [90m(1.118336ms)[39m[39m
[32m✔ prepare-docs avoids ripgrep install [90m(0.146143ms)[39m[39m
[32m✔ time to chill includes size with height in cm [90m(1.110904ms)[39m[39m
[32m✔ time to chill height is positive [90m(0.181803ms)[39m[39m
[32m✔ GitHub workflows use latest action versions [90m(1.246017ms)[39m[39m
[34mℹ tests 25[39m
[34mℹ suites 0[39m
[34mℹ pass 24[39m
[34mℹ fail 1[39m
[34mℹ cancelled 0[39m
[34mℹ skipped 0[39m
[34mℹ todo 0[39m
[34mℹ duration_ms 23616.6471[39m

[31m✖ failing tests:[39m

test at test/integration/logo-image.spec.mjs:8:1
[31m✖ logo image transforms to avif and webp [90m(3310.814501ms)[39m[39m
  AssertionError [ERR_ASSERTION]: /assets/images/logo-112.avif exists
      at file:///workspace/effusion-labs/test/integration/logo-image.spec.mjs:26:5
      at Array.forEach (<anonymous>)
      at file:///workspace/effusion-labs/test/integration/logo-image.spec.mjs:24:9
      at async TestContext.<anonymous> (file:///workspace/effusion-labs/test/helpers/eleventy-env.mjs:30:14)
      at async Test.run (node:internal/test_runner/test:1054:7)
      at async startSubtestAfterBootstrap (node:internal/test_runner/harness:296:3) {
    generatedMessage: false,
    code: 'ERR_ASSERTION',
    actual: false,
    expected: true,
    operator: '=='
  }
Executed 22 tests

=============================== Coverage summary ===============================
Statements   : 84.72% ( 1137/1342 )
Branches     : 80.08% ( 185/231 )
Functions    : 76.19% ( 64/84 )
Lines        : 84.72% ( 1137/1342 )
================================================================================
