npm warn Unknown env config "http-proxy". This will stop working in the next major version of npm.

> effusion_labs_final@1.0.0 test
> c8 --reporter=text-summary --reporter=lcov node tools/runner.mjs

[11ty] Problem writing Eleventy templates:
[11ty] 1. Having trouble rendering njk template ./src/archives/collectables/designer-toys/pop-mart/the-monsters/products.njk (via TemplateContentRenderError)
[11ty] 2. (./src/archives/collectables/designer-toys/pop-mart/the-monsters/products.njk) [Line 5, Column 104]
[11ty]   expected variable end (via Template render error)
[11ty] 
[11ty] Original error stack trace: Error: expected variable end
[11ty]     at new TemplateError (/workspace/effusion-labs/node_modules/nunjucks/src/lib.js:74:17)
[11ty]     at Parser.error (/workspace/effusion-labs/node_modules/nunjucks/src/parser.js:63:12)
[11ty]     at Parser.fail (/workspace/effusion-labs/node_modules/nunjucks/src/parser.js:66:16)
[11ty]     at Parser.advanceAfterVariableEnd (/workspace/effusion-labs/node_modules/nunjucks/src/parser.js:122:12)
[11ty]     at Parser.parseNodes (/workspace/effusion-labs/node_modules/nunjucks/src/parser.js:990:14)
[11ty]     at Parser.parse (/workspace/effusion-labs/node_modules/nunjucks/src/parser.js:1002:42)
[11ty]     at Parser.parseUntilBlocks (/workspace/effusion-labs/node_modules/nunjucks/src/parser.js:952:20)
[11ty]     at Parser.parseIf (/workspace/effusion-labs/node_modules/nunjucks/src/parser.js:339:22)
[11ty]     at Parser.parseStatement (/workspace/effusion-labs/node_modules/nunjucks/src/parser.js:466:21)
[11ty]     at Parser.parseNodes (/workspace/effusion-labs/node_modules/nunjucks/src/parser.js:982:22)
[11ty] Copied 77 Wrote 0 files in 3.51 seconds (v3.1.2)
✖ archive nav exposes child counts (3509.182672ms)
[11ty] Problem writing Eleventy templates:
[11ty] 1. Having trouble rendering njk template ./src/archives/collectables/designer-toys/pop-mart/the-monsters/products.njk (via TemplateContentRenderError)
[11ty] 2. (./src/archives/collectables/designer-toys/pop-mart/the-monsters/products.njk) [Line 5, Column 104]
[11ty]   expected variable end (via Template render error)
[11ty] 
[11ty] Original error stack trace: Error: expected variable end
[11ty]     at new TemplateError (/workspace/effusion-labs/node_modules/nunjucks/src/lib.js:74:17)
[11ty]     at Parser.error (/workspace/effusion-labs/node_modules/nunjucks/src/parser.js:63:12)
[11ty]     at Parser.fail (/workspace/effusion-labs/node_modules/nunjucks/src/parser.js:66:16)
[11ty]     at Parser.advanceAfterVariableEnd (/workspace/effusion-labs/node_modules/nunjucks/src/parser.js:122:12)
[11ty]     at Parser.parseNodes (/workspace/effusion-labs/node_modules/nunjucks/src/parser.js:990:14)
[11ty]     at Parser.parse (/workspace/effusion-labs/node_modules/nunjucks/src/parser.js:1002:42)
[11ty]     at Parser.parseUntilBlocks (/workspace/effusion-labs/node_modules/nunjucks/src/parser.js:952:20)
[11ty]     at Parser.parseIf (/workspace/effusion-labs/node_modules/nunjucks/src/parser.js:339:22)
[11ty]     at Parser.parseStatement (/workspace/effusion-labs/node_modules/nunjucks/src/parser.js:466:21)
[11ty]     at Parser.parseNodes (/workspace/effusion-labs/node_modules/nunjucks/src/parser.js:982:22)
[11ty] Copied 78 Wrote 0 files in 3.47 seconds (v3.1.2)
✖ layout exposes build timestamp (3471.773141ms)
[11ty] Problem writing Eleventy templates:
[11ty] 1. Having trouble rendering njk template ./src/archives/collectables/designer-toys/pop-mart/the-monsters/products.njk (via TemplateContentRenderError)
[11ty] 2. (./src/archives/collectables/designer-toys/pop-mart/the-monsters/products.njk) [Line 5, Column 104]
[11ty]   expected variable end (via Template render error)
[11ty] 
[11ty] Original error stack trace: Error: expected variable end
[11ty]     at new TemplateError (/workspace/effusion-labs/node_modules/nunjucks/src/lib.js:74:17)
[11ty]     at Parser.error (/workspace/effusion-labs/node_modules/nunjucks/src/parser.js:63:12)
[11ty]     at Parser.fail (/workspace/effusion-labs/node_modules/nunjucks/src/parser.js:66:16)
[11ty]     at Parser.advanceAfterVariableEnd (/workspace/effusion-labs/node_modules/nunjucks/src/parser.js:122:12)
[11ty]     at Parser.parseNodes (/workspace/effusion-labs/node_modules/nunjucks/src/parser.js:990:14)
[11ty]     at Parser.parse (/workspace/effusion-labs/node_modules/nunjucks/src/parser.js:1002:42)
[11ty]     at Parser.parseUntilBlocks (/workspace/effusion-labs/node_modules/nunjucks/src/parser.js:952:20)
[11ty]     at Parser.parseIf (/workspace/effusion-labs/node_modules/nunjucks/src/parser.js:339:22)
[11ty]     at Parser.parseStatement (/workspace/effusion-labs/node_modules/nunjucks/src/parser.js:466:21)
[11ty]     at Parser.parseNodes (/workspace/effusion-labs/node_modules/nunjucks/src/parser.js:982:22)
[11ty] Copied 78 Wrote 0 files in 3.07 seconds (v3.1.2)
✖ code blocks expose copy control (3070.657922ms)
[11ty] Problem writing Eleventy templates:
[11ty] 1. Having trouble rendering njk template ./src/archives/collectables/designer-toys/pop-mart/the-monsters/products.njk (via TemplateContentRenderError)
[11ty] 2. (./src/archives/collectables/designer-toys/pop-mart/the-monsters/products.njk) [Line 5, Column 104]
[11ty]   expected variable end (via Template render error)
[11ty] 
[11ty] Original error stack trace: Error: expected variable end
[11ty]     at new TemplateError (/workspace/effusion-labs/node_modules/nunjucks/src/lib.js:74:17)
[11ty]     at Parser.error (/workspace/effusion-labs/node_modules/nunjucks/src/parser.js:63:12)
[11ty]     at Parser.fail (/workspace/effusion-labs/node_modules/nunjucks/src/parser.js:66:16)
[11ty]     at Parser.advanceAfterVariableEnd (/workspace/effusion-labs/node_modules/nunjucks/src/parser.js:122:12)
[11ty]     at Parser.parseNodes (/workspace/effusion-labs/node_modules/nunjucks/src/parser.js:990:14)
[11ty]     at Parser.parse (/workspace/effusion-labs/node_modules/nunjucks/src/parser.js:1002:42)
[11ty]     at Parser.parseUntilBlocks (/workspace/effusion-labs/node_modules/nunjucks/src/parser.js:952:20)
[11ty]     at Parser.parseIf (/workspace/effusion-labs/node_modules/nunjucks/src/parser.js:339:22)
[11ty]     at Parser.parseStatement (/workspace/effusion-labs/node_modules/nunjucks/src/parser.js:466:21)
[11ty]     at Parser.parseNodes (/workspace/effusion-labs/node_modules/nunjucks/src/parser.js:982:22)
[11ty] Copied 78 Wrote 0 files in 3.41 seconds (v3.1.2)
✖ collection pages expose section metadata (3408.224636ms)
✔ concept map JSON-LD export generates @context and @graph (2.724294ms)
[11ty] Problem writing Eleventy templates:
[11ty] 1. Having trouble rendering njk template ./src/archives/collectables/designer-toys/pop-mart/the-monsters/products.njk (via TemplateContentRenderError)
[11ty] 2. (./src/archives/collectables/designer-toys/pop-mart/the-monsters/products.njk) [Line 5, Column 104]
[11ty]   expected variable end (via Template render error)
[11ty] 
[11ty] Original error stack trace: Error: expected variable end
[11ty]     at new TemplateError (/workspace/effusion-labs/node_modules/nunjucks/src/lib.js:74:17)
[11ty]     at Parser.error (/workspace/effusion-labs/node_modules/nunjucks/src/parser.js:63:12)
[11ty]     at Parser.fail (/workspace/effusion-labs/node_modules/nunjucks/src/parser.js:66:16)
[11ty]     at Parser.advanceAfterVariableEnd (/workspace/effusion-labs/node_modules/nunjucks/src/parser.js:122:12)
[11ty]     at Parser.parseNodes (/workspace/effusion-labs/node_modules/nunjucks/src/parser.js:990:14)
[11ty]     at Parser.parse (/workspace/effusion-labs/node_modules/nunjucks/src/parser.js:1002:42)
[11ty]     at Parser.parseUntilBlocks (/workspace/effusion-labs/node_modules/nunjucks/src/parser.js:952:20)
[11ty]     at Parser.parseIf (/workspace/effusion-labs/node_modules/nunjucks/src/parser.js:339:22)
[11ty]     at Parser.parseStatement (/workspace/effusion-labs/node_modules/nunjucks/src/parser.js:466:21)
[11ty]     at Parser.parseNodes (/workspace/effusion-labs/node_modules/nunjucks/src/parser.js:982:22)
[11ty] Copied 9 Wrote 0 files in 3.30 seconds (v3.1.2)
✖ feed exposes build metadata (3303.984523ms)
[11ty] Problem writing Eleventy templates:
[11ty] 1. Having trouble rendering njk template ./src/archives/collectables/designer-toys/pop-mart/the-monsters/products.njk (via TemplateContentRenderError)
[11ty] 2. (./src/archives/collectables/designer-toys/pop-mart/the-monsters/products.njk) [Line 5, Column 104]
[11ty]   expected variable end (via Template render error)
[11ty] 
[11ty] Original error stack trace: Error: expected variable end
[11ty]     at new TemplateError (/workspace/effusion-labs/node_modules/nunjucks/src/lib.js:74:17)
[11ty]     at Parser.error (/workspace/effusion-labs/node_modules/nunjucks/src/parser.js:63:12)
[11ty]     at Parser.fail (/workspace/effusion-labs/node_modules/nunjucks/src/parser.js:66:16)
[11ty]     at Parser.advanceAfterVariableEnd (/workspace/effusion-labs/node_modules/nunjucks/src/parser.js:122:12)
[11ty]     at Parser.parseNodes (/workspace/effusion-labs/node_modules/nunjucks/src/parser.js:990:14)
[11ty]     at Parser.parse (/workspace/effusion-labs/node_modules/nunjucks/src/parser.js:1002:42)
[11ty]     at Parser.parseUntilBlocks (/workspace/effusion-labs/node_modules/nunjucks/src/parser.js:952:20)
[11ty]     at Parser.parseIf (/workspace/effusion-labs/node_modules/nunjucks/src/parser.js:339:22)
[11ty]     at Parser.parseStatement (/workspace/effusion-labs/node_modules/nunjucks/src/parser.js:466:21)
[11ty]     at Parser.parseNodes (/workspace/effusion-labs/node_modules/nunjucks/src/parser.js:982:22)
[11ty] Copied 78 Wrote 0 files in 3.32 seconds (v3.1.2)
✖ home page header includes primary nav landmark (3320.519377ms)
[11ty] Problem writing Eleventy templates:
[11ty] 1. Having trouble rendering njk template ./src/archives/collectables/designer-toys/pop-mart/the-monsters/products.njk (via TemplateContentRenderError)
[11ty] 2. (./src/archives/collectables/designer-toys/pop-mart/the-monsters/products.njk) [Line 5, Column 104]
[11ty]   expected variable end (via Template render error)
[11ty] 
[11ty] Original error stack trace: Error: expected variable end
[11ty]     at new TemplateError (/workspace/effusion-labs/node_modules/nunjucks/src/lib.js:74:17)
[11ty]     at Parser.error (/workspace/effusion-labs/node_modules/nunjucks/src/parser.js:63:12)
[11ty]     at Parser.fail (/workspace/effusion-labs/node_modules/nunjucks/src/parser.js:66:16)
[11ty]     at Parser.advanceAfterVariableEnd (/workspace/effusion-labs/node_modules/nunjucks/src/parser.js:122:12)
[11ty]     at Parser.parseNodes (/workspace/effusion-labs/node_modules/nunjucks/src/parser.js:990:14)
[11ty]     at Parser.parse (/workspace/effusion-labs/node_modules/nunjucks/src/parser.js:1002:42)
[11ty]     at Parser.parseUntilBlocks (/workspace/effusion-labs/node_modules/nunjucks/src/parser.js:952:20)
[11ty]     at Parser.parseIf (/workspace/effusion-labs/node_modules/nunjucks/src/parser.js:339:22)
[11ty]     at Parser.parseStatement (/workspace/effusion-labs/node_modules/nunjucks/src/parser.js:466:21)
[11ty]     at Parser.parseNodes (/workspace/effusion-labs/node_modules/nunjucks/src/parser.js:982:22)
[11ty] Copied 75 Wrote 0 files in 2.98 seconds (v3.1.2)
✖ homepage work list mixes types (2981.860531ms)
[11ty] Problem writing Eleventy templates:
[11ty] 1. Having trouble rendering njk template ./src/archives/collectables/designer-toys/pop-mart/the-monsters/products.njk (via TemplateContentRenderError)
[11ty] 2. (./src/archives/collectables/designer-toys/pop-mart/the-monsters/products.njk) [Line 5, Column 104]
[11ty]   expected variable end (via Template render error)
[11ty] 
[11ty] Original error stack trace: Error: expected variable end
[11ty]     at new TemplateError (/workspace/effusion-labs/node_modules/nunjucks/src/lib.js:74:17)
[11ty]     at Parser.error (/workspace/effusion-labs/node_modules/nunjucks/src/parser.js:63:12)
[11ty]     at Parser.fail (/workspace/effusion-labs/node_modules/nunjucks/src/parser.js:66:16)
[11ty]     at Parser.advanceAfterVariableEnd (/workspace/effusion-labs/node_modules/nunjucks/src/parser.js:122:12)
[11ty]     at Parser.parseNodes (/workspace/effusion-labs/node_modules/nunjucks/src/parser.js:990:14)
[11ty]     at Parser.parse (/workspace/effusion-labs/node_modules/nunjucks/src/parser.js:1002:42)
[11ty]     at Parser.parseUntilBlocks (/workspace/effusion-labs/node_modules/nunjucks/src/parser.js:952:20)
[11ty]     at Parser.parseIf (/workspace/effusion-labs/node_modules/nunjucks/src/parser.js:339:22)
[11ty]     at Parser.parseStatement (/workspace/effusion-labs/node_modules/nunjucks/src/parser.js:466:21)
[11ty]     at Parser.parseNodes (/workspace/effusion-labs/node_modules/nunjucks/src/parser.js:982:22)
[11ty] Copied 75 Wrote 0 files in 2.87 seconds (v3.1.2)
✖ homepage hero and work filters (2876.794665ms)
[11ty] Problem writing Eleventy templates:
[11ty] 1. Having trouble rendering njk template ./src/archives/collectables/designer-toys/pop-mart/the-monsters/products.njk (via TemplateContentRenderError)
[11ty] 2. (./src/archives/collectables/designer-toys/pop-mart/the-monsters/products.njk) [Line 5, Column 104]
[11ty]   expected variable end (via Template render error)
[11ty] 
[11ty] Original error stack trace: Error: expected variable end
[11ty]     at new TemplateError (/workspace/effusion-labs/node_modules/nunjucks/src/lib.js:74:17)
[11ty]     at Parser.error (/workspace/effusion-labs/node_modules/nunjucks/src/parser.js:63:12)
[11ty]     at Parser.fail (/workspace/effusion-labs/node_modules/nunjucks/src/parser.js:66:16)
[11ty]     at Parser.advanceAfterVariableEnd (/workspace/effusion-labs/node_modules/nunjucks/src/parser.js:122:12)
[11ty]     at Parser.parseNodes (/workspace/effusion-labs/node_modules/nunjucks/src/parser.js:990:14)
[11ty]     at Parser.parse (/workspace/effusion-labs/node_modules/nunjucks/src/parser.js:1002:42)
[11ty]     at Parser.parseUntilBlocks (/workspace/effusion-labs/node_modules/nunjucks/src/parser.js:952:20)
[11ty]     at Parser.parseIf (/workspace/effusion-labs/node_modules/nunjucks/src/parser.js:339:22)
[11ty]     at Parser.parseStatement (/workspace/effusion-labs/node_modules/nunjucks/src/parser.js:466:21)
[11ty]     at Parser.parseNodes (/workspace/effusion-labs/node_modules/nunjucks/src/parser.js:982:22)
[11ty] Copied 75 Wrote 0 files in 2.79 seconds (v3.1.2)
✖ logo image transforms to avif and webp (2788.620388ms)
