npm warn Unknown env config "http-proxy". This will stop working in the next major version of npm.
npm warn EBADENGINE Unsupported engine {
npm warn EBADENGINE   package: 'effusion_labs_final@1.0.0',
npm warn EBADENGINE   required: { node: '>=24' },
npm warn EBADENGINE   current: { node: 'v22.18.0', npm: '11.4.2' }
npm warn EBADENGINE }

> effusion_labs_final@1.0.0 postinstall
> patch-package

patch-package 8.0.0
Applying patches...
@photogabble/eleventy-plugin-interlinker@1.1.0 ✔

up to date, audited 928 packages in 2s

203 packages are looking for funding
  run `npm fund` for details

15 vulnerabilities (4 low, 4 moderate, 3 high, 4 critical)

To address issues that do not require attention, run:
  npm audit fix

Some issues need review, and may require choosing
a different dependency.

Run `npm audit` for details.
