TAP version 13
# file:///workspace/effusion-labs/test/unit/provenance-filter.test.mjs:3
# import { provenanceSources } from '../../lib/filters.js';
#          ^^^^^^^^^^^^^^^^^
# SyntaxError: Named export 'provenanceSources' not found. The requested module '../../lib/filters.js' is a CommonJS module, which may not support all module.exports as named exports.
# CommonJS modules can always be imported via the default export, for example using:
# import pkg from '../../lib/filters.js';
# const { provenanceSources } = pkg;
#     at ModuleJob._instantiate (node:internal/modules/esm/module_job:228:21)
#     at async ModuleJob.run (node:internal/modules/esm/module_job:335:5)
#     at async onImport.tracePromise.__proto__ (node:internal/modules/esm/loader:647:26)
#     at async asyncRunEntryPointWithESMLoader (node:internal/modules/run_main:117:5)
# Node.js v22.18.0
# Subtest: test/unit/provenance-filter.test.mjs
not ok 1 - test/unit/provenance-filter.test.mjs
  ---
  duration_ms: 99.855293
  type: 'test'
  location: '/workspace/effusion-labs/test/unit/provenance-filter.test.mjs:1:1'
  failureType: 'testCodeFailure'
  exitCode: 1
  signal: ~
  error: 'test failed'
  code: 'ERR_TEST_FAILURE'
  ...
1..1
# tests 1
# suites 0
# pass 0
# fail 1
# cancelled 0
# skipped 0
# todo 0
# duration_ms 109.866797
