TAP version 13
# file:///workspace/effusion-labs/tests/utils/run-eleventy.mjs:2
#   throw new Error('runEleventy not implemented');
#         ^
# Error: runEleventy not implemented
#     at runEleventy (file:///workspace/effusion-labs/tests/utils/run-eleventy.mjs:2:9)
#     at file:///workspace/effusion-labs/tests/runner.spec.mjs:9:16
#     at ModuleJob.run (node:internal/modules/esm/module_job:343:25)
#     at async onImport.tracePromise.__proto__ (node:internal/modules/esm/loader:647:26)
#     at async asyncRunEntryPointWithESMLoader (node:internal/modules/run_main:117:5)
# Node.js v22.18.0
# Subtest: tests/runner.spec.mjs
not ok 1 - tests/runner.spec.mjs
  ---
  duration_ms: 95.716305
  type: 'test'
  location: '/workspace/effusion-labs/tests/runner.spec.mjs:1:1'
  failureType: 'testCodeFailure'
  exitCode: 1
  signal: ~
  error: 'test failed'
  code: 'ERR_TEST_FAILURE'
  ...
1..1
# tests 1
# suites 0
# pass 0
# fail 1
# cancelled 0
# skipped 0
# todo 0
# duration_ms 105.475875
