
> effusion_labs_final@1.0.0 test
> node tools/test-changed.mjs tests/header-nav-aria.spec.mjs tests/collection-layout.spec.mjs

TAP version 13
# npm warn Unknown env config "http-proxy". This will stop working in the next major version of npm.
# 🚀 Eleventy build starting with enhanced footnote system...
# ✅ Eleventy build completed. Generated 107 files.
# [@photogabble/wikilinks] WARNING Wikilink (/archives/collectables/designer-toys/pop-mart/the-monsters/products/{{ p.data.product_id }}/) found pointing to to non-existent page in:
# \\t- ./src/content/sparks/vapor-linked-governance.md
# [@photogabble/wikilinks] WARNING Wikilink ([[node-handle]]) found pointing to to non-existent page in:
# \\t- ./src/content/sparks/vapor-linked-governance.md
# [@photogabble/wikilinks] WARNING Wikilink ([[bracketed-handle]]) found pointing to to non-existent page in:
# \\t- ./src/content/sparks/vapor-linked-governance.md
# [11ty] Copied 75 Wrote 107 files in 2.96 seconds (27.6ms each, v3.1.2)
# Subtest: collection pages expose section metadata
ok 1 - collection pages expose section metadata
  ---
  duration_ms: 4525.974934
  type: 'test'
  ...
# npm warn Unknown env config "http-proxy". This will stop working in the next major version of npm.
# 🚀 Eleventy build starting with enhanced footnote system...
# ✅ Eleventy build completed. Generated 107 files.
# [@photogabble/wikilinks] WARNING Wikilink (/archives/collectables/designer-toys/pop-mart/the-monsters/products/{{ p.data.product_id }}/) found pointing to to non-existent page in:
# \\t- ./src/content/sparks/vapor-linked-governance.md
# [@photogabble/wikilinks] WARNING Wikilink ([[node-handle]]) found pointing to to non-existent page in:
# \\t- ./src/content/sparks/vapor-linked-governance.md
# [@photogabble/wikilinks] WARNING Wikilink ([[bracketed-handle]]) found pointing to to non-existent page in:
# \\t- ./src/content/sparks/vapor-linked-governance.md
# [11ty] Copied 75 Wrote 107 files in 2.84 seconds (26.5ms each, v3.1.2)
# Subtest: home page header includes primary nav landmark
ok 2 - home page header includes primary nav landmark
  ---
  duration_ms: 4435.876003
  type: 'test'
  ...
1..2
# tests 2
# suites 0
# pass 2
# fail 0
# cancelled 0
# skipped 0
# todo 0
# duration_ms 4690.325816
