TAP version 13
# /workspace/effusion-labs/node_modules/playwright/lib/common/testType.js:74
#       throw new Error([
#             ^
# Error: Playwright Test did not expect test() to be called here.
# Most common reasons include:
# - You are calling test() in a configuration file.
# - You are calling test() in a file that is imported by the configuration file.
# - You have two different versions of @playwright/test. This usually happens
#   when one of the dependencies in your package.json depends on @playwright/test.
#     at TestTypeImpl._currentSuite (/workspace/effusion-labs/node_modules/playwright/lib/common/testType.js:74:13)
#     at TestTypeImpl._createTest (/workspace/effusion-labs/node_modules/playwright/lib/common/testType.js:87:24)
#     at /workspace/effusion-labs/node_modules/playwright/lib/transform/transform.js:275:12
#     at file:///workspace/effusion-labs/tests/BrowserEngine.spec.mjs:11:1
#     at ModuleJob.run (node:internal/modules/esm/module_job:343:25)
#     at async onImport.tracePromise.__proto__ (node:internal/modules/esm/loader:647:26)
#     at async asyncRunEntryPointWithESMLoader (node:internal/modules/run_main:117:5)
# Node.js v22.18.0
# Subtest: tests/BrowserEngine.spec.mjs
not ok 1 - tests/BrowserEngine.spec.mjs
  ---
  duration_ms: 1271.07588
  type: 'test'
  location: '/workspace/effusion-labs/tests/BrowserEngine.spec.mjs:1:1'
  failureType: 'testCodeFailure'
  exitCode: 1
  signal: ~
  error: 'test failed'
  code: 'ERR_TEST_FAILURE'
  ...
1..1
# tests 1
# suites 0
# pass 0
# fail 1
# cancelled 0
# skipped 0
# todo 0
# duration_ms 1290.629895
