TAP version 13
# npm warn Unknown env config "http-proxy". This will stop working in the next major version of npm.
# 🚀 Eleventy build starting with enhanced footnote system...
# ✅ Eleventy build completed. Generated 108 files.
# [@photogabble/wikilinks] WARNING Wikilink (/archives/collectables/designer-toys/pop-mart/the-monsters/products/{{ p.data.product_id }}/) found pointing to to non-existent page in:
# \\t- ./src/content/sparks/vapor-linked-governance.md
# [@photogabble/wikilinks] WARNING Wikilink ([[node-handle]]) found pointing to to non-existent page in:
# \\t- ./src/content/sparks/vapor-linked-governance.md
# [@photogabble/wikilinks] WARNING Wikilink ([[bracketed-handle]]) found pointing to to non-existent page in:
# \\t- ./src/content/sparks/vapor-linked-governance.md
# [11ty] Copied 75 Wrote 108 files in 4.23 seconds (39.2ms each, v3.1.2)
# Subtest: main nav marks current page and is labelled
ok 1 - main nav marks current page and is labelled
  ---
  duration_ms: 6548.266834
  type: 'test'
  ...
1..1
# tests 1
# suites 0
# pass 1
# fail 0
# cancelled 0
# skipped 0
# todo 0
# duration_ms 6834.05053
